[INFO] Scanning for projects...
[INFO] 
[INFO] ---------------< com.example:issue-azure-storage-native >---------------
[INFO] Building issue-azure-storage-native 0.0.1-SNAPSHOT
[INFO] --------------------------------[ jar ]---------------------------------
[INFO] 
[INFO] --- maven-clean-plugin:3.1.0:clean (default-clean) @ issue-azure-storage-native ---
[INFO] Deleting D:\issues\issue-azure-storage-native\target
[INFO] 
[INFO] --- maven-resources-plugin:3.2.0:resources (default-resources) @ issue-azure-storage-native ---
[INFO] Using 'UTF-8' encoding to copy filtered resources.
[INFO] Using 'UTF-8' encoding to copy filtered properties files.
[INFO] Copying 1 resource
[INFO] Copying 0 resource
[INFO] 
[INFO] --- maven-compiler-plugin:3.8.1:compile (default-compile) @ issue-azure-storage-native ---
[INFO] Changes detected - recompiling the module!
[INFO] Compiling 3 source files to D:\issues\issue-azure-storage-native\target\classes
[INFO] 
[INFO] --- maven-resources-plugin:3.2.0:testResources (default-testResources) @ issue-azure-storage-native ---
[INFO] Using 'UTF-8' encoding to copy filtered resources.
[INFO] Using 'UTF-8' encoding to copy filtered properties files.
[INFO] skip non existing resourceDirectory D:\issues\issue-azure-storage-native\src\test\resources
[INFO] 
[INFO] --- maven-compiler-plugin:3.8.1:testCompile (default-testCompile) @ issue-azure-storage-native ---
[INFO] Changes detected - recompiling the module!
[INFO] Compiling 1 source file to D:\issues\issue-azure-storage-native\target\test-classes
[INFO] 
[INFO] --- spring-aot-maven-plugin:0.11.4:test-generate (test-generate) @ issue-azure-storage-native ---
[INFO] Skip Spring AOT test generation since tests are skipped
[INFO] 
[INFO] --- maven-surefire-plugin:2.22.2:test (default-test) @ issue-azure-storage-native ---
[INFO] Tests are skipped.
[INFO] 
[INFO] --- native-maven-plugin:0.9.11:test (test-native) @ issue-azure-storage-native ---
[INFO] Skipping native-image tests (parameter 'skipTests' or 'skipNativeTests' is true).
[INFO] 
[INFO] --- spring-aot-maven-plugin:0.11.4:generate (generate) @ issue-azure-storage-native ---
2022-08-05 16:54:13.259  INFO 116412 --- [           main] o.s.a.build.ContextBootstrapContributor  : Detected application class: com.example.issue.azurestoragenative.IssueAzureStorageNativeApplication
2022-08-05 16:54:13.263  INFO 116412 --- [           main] o.s.a.build.ContextBootstrapContributor  : Processing application context
2022-08-05 16:54:16.244  INFO 116412 --- [           main] o.s.a.build.ContextBootstrapContributor  : Processed 158 bean definitions in 2979ms
2022-08-05 16:54:16.526  INFO 116412 --- [           main] o.s.nativex.support.SpringAnalyzer       : Spring Native operating mode: native
[INFO] Changes detected - recompiling the module!
[INFO] Compiling 37 source files to D:\issues\issue-azure-storage-native\target\classes
[INFO] /D:/issues/issue-azure-storage-native/target/generated-runtime-sources/spring-aot/src/main/java/org/springframework/boot/autoconfigure/flyway/_FactoryProvider.java: Some input files use or override a deprecated API.
[INFO] /D:/issues/issue-azure-storage-native/target/generated-runtime-sources/spring-aot/src/main/java/org/springframework/boot/autoconfigure/flyway/_FactoryProvider.java: Recompile with -Xlint:deprecation for details.
[INFO] /D:/issues/issue-azure-storage-native/target/generated-runtime-sources/spring-aot/src/main/java/org/springframework/aot/StaticSpringFactories.java: D:\issues\issue-azure-storage-native\target\generated-runtime-sources\spring-aot\src\main\java\org\springframework\aot\StaticSpringFactories.java uses unchecked or unsafe operations.
[INFO] /D:/issues/issue-azure-storage-native/target/generated-runtime-sources/spring-aot/src/main/java/org/springframework/aot/StaticSpringFactories.java: Recompile with -Xlint:unchecked for details.
[INFO] Using 'UTF-8' encoding to copy filtered resources.
[INFO] Using 'UTF-8' encoding to copy filtered properties files.
[INFO] Copying 6 resources
[INFO] 
[INFO] --- maven-jar-plugin:3.2.2:jar (default-jar) @ issue-azure-storage-native ---
[INFO] Building jar: D:\issues\issue-azure-storage-native\target\issue-azure-storage-native-0.0.1-SNAPSHOT.jar
[INFO] 
[INFO] --- spring-boot-maven-plugin:2.6.6:repackage (repackage) @ issue-azure-storage-native ---
[INFO] Attaching repackaged archive D:\issues\issue-azure-storage-native\target\issue-azure-storage-native-0.0.1-SNAPSHOT-exec.jar with classifier exec
[INFO] 
[INFO] --- native-maven-plugin:0.9.11:build (build-native) @ issue-azure-storage-native ---
[INFO] ImageClasspath Entry: org.springframework.boot:spring-boot-starter-web:jar:2.6.6:compile (file:///C:/Users/v-shilichen/.m2/repository/org/springframework/boot/spring-boot-starter-web/2.6.6/spring-boot-starter-web-2.6.6.jar)
[INFO] ImageClasspath Entry: org.springframework.boot:spring-boot-starter:jar:2.6.6:compile (file:///C:/Users/v-shilichen/.m2/repository/org/springframework/boot/spring-boot-starter/2.6.6/spring-boot-starter-2.6.6.jar)
[INFO] ImageClasspath Entry: org.springframework.boot:spring-boot:jar:2.6.6:compile (file:///C:/Users/v-shilichen/.m2/repository/org/springframework/boot/spring-boot/2.6.6/spring-boot-2.6.6.jar)
[INFO] ImageClasspath Entry: org.springframework.boot:spring-boot-autoconfigure:jar:2.6.6:compile (file:///C:/Users/v-shilichen/.m2/repository/org/springframework/boot/spring-boot-autoconfigure/2.6.6/spring-boot-autoconfigure-2.6.6.jar)
[INFO] ImageClasspath Entry: org.springframework.boot:spring-boot-starter-logging:jar:2.6.6:compile (file:///C:/Users/v-shilichen/.m2/repository/org/springframework/boot/spring-boot-starter-logging/2.6.6/spring-boot-starter-logging-2.6.6.jar)
[INFO] ImageClasspath Entry: ch.qos.logback:logback-classic:jar:1.2.11:compile (file:///C:/Users/v-shilichen/.m2/repository/ch/qos/logback/logback-classic/1.2.11/logback-classic-1.2.11.jar)
[INFO] ImageClasspath Entry: ch.qos.logback:logback-core:jar:1.2.11:compile (file:///C:/Users/v-shilichen/.m2/repository/ch/qos/logback/logback-core/1.2.11/logback-core-1.2.11.jar)
[INFO] ImageClasspath Entry: org.apache.logging.log4j:log4j-to-slf4j:jar:2.17.2:compile (file:///C:/Users/v-shilichen/.m2/repository/org/apache/logging/log4j/log4j-to-slf4j/2.17.2/log4j-to-slf4j-2.17.2.jar)
[INFO] ImageClasspath Entry: org.apache.logging.log4j:log4j-api:jar:2.17.2:compile (file:///C:/Users/v-shilichen/.m2/repository/org/apache/logging/log4j/log4j-api/2.17.2/log4j-api-2.17.2.jar)
[INFO] ImageClasspath Entry: org.slf4j:jul-to-slf4j:jar:1.7.36:compile (file:///C:/Users/v-shilichen/.m2/repository/org/slf4j/jul-to-slf4j/1.7.36/jul-to-slf4j-1.7.36.jar)
[INFO] ImageClasspath Entry: jakarta.annotation:jakarta.annotation-api:jar:1.3.5:compile (file:///C:/Users/v-shilichen/.m2/repository/jakarta/annotation/jakarta.annotation-api/1.3.5/jakarta.annotation-api-1.3.5.jar)
[INFO] ImageClasspath Entry: org.yaml:snakeyaml:jar:1.29:compile (file:///C:/Users/v-shilichen/.m2/repository/org/yaml/snakeyaml/1.29/snakeyaml-1.29.jar)
[INFO] ImageClasspath Entry: org.springframework.boot:spring-boot-starter-json:jar:2.6.6:compile (file:///C:/Users/v-shilichen/.m2/repository/org/springframework/boot/spring-boot-starter-json/2.6.6/spring-boot-starter-json-2.6.6.jar)
[INFO] ImageClasspath Entry: com.fasterxml.jackson.core:jackson-databind:jar:2.13.2.2:compile (file:///C:/Users/v-shilichen/.m2/repository/com/fasterxml/jackson/core/jackson-databind/2.13.2.2/jackson-databind-2.13.2.2.jar)
[INFO] ImageClasspath Entry: com.fasterxml.jackson.core:jackson-annotations:jar:2.13.2:compile (file:///C:/Users/v-shilichen/.m2/repository/com/fasterxml/jackson/core/jackson-annotations/2.13.2/jackson-annotations-2.13.2.jar)
[INFO] ImageClasspath Entry: com.fasterxml.jackson.core:jackson-core:jar:2.13.2:compile (file:///C:/Users/v-shilichen/.m2/repository/com/fasterxml/jackson/core/jackson-core/2.13.2/jackson-core-2.13.2.jar)
[INFO] ImageClasspath Entry: com.fasterxml.jackson.datatype:jackson-datatype-jdk8:jar:2.13.2:compile (file:///C:/Users/v-shilichen/.m2/repository/com/fasterxml/jackson/datatype/jackson-datatype-jdk8/2.13.2/jackson-datatype-jdk8-2.13.2.jar)
[INFO] ImageClasspath Entry: com.fasterxml.jackson.datatype:jackson-datatype-jsr310:jar:2.13.2:compile (file:///C:/Users/v-shilichen/.m2/repository/com/fasterxml/jackson/datatype/jackson-datatype-jsr310/2.13.2/jackson-datatype-jsr310-2.13.2.jar)
[INFO] ImageClasspath Entry: com.fasterxml.jackson.module:jackson-module-parameter-names:jar:2.13.2:compile (file:///C:/Users/v-shilichen/.m2/repository/com/fasterxml/jackson/module/jackson-module-parameter-names/2.13.2/jackson-module-parameter-names-2.13.2.jar)
[INFO] ImageClasspath Entry: org.springframework.boot:spring-boot-starter-tomcat:jar:2.6.6:compile (file:///C:/Users/v-shilichen/.m2/repository/org/springframework/boot/spring-boot-starter-tomcat/2.6.6/spring-boot-starter-tomcat-2.6.6.jar)
[INFO] ImageClasspath Entry: org.apache.tomcat.embed:tomcat-embed-core:jar:9.0.60:compile (file:///C:/Users/v-shilichen/.m2/repository/org/apache/tomcat/embed/tomcat-embed-core/9.0.60/tomcat-embed-core-9.0.60.jar)
[INFO] ImageClasspath Entry: org.apache.tomcat.embed:tomcat-embed-el:jar:9.0.60:compile (file:///C:/Users/v-shilichen/.m2/repository/org/apache/tomcat/embed/tomcat-embed-el/9.0.60/tomcat-embed-el-9.0.60.jar)
[INFO] ImageClasspath Entry: org.apache.tomcat.embed:tomcat-embed-websocket:jar:9.0.60:compile (file:///C:/Users/v-shilichen/.m2/repository/org/apache/tomcat/embed/tomcat-embed-websocket/9.0.60/tomcat-embed-websocket-9.0.60.jar)
[INFO] ImageClasspath Entry: org.springframework:spring-web:jar:5.3.18:compile (file:///C:/Users/v-shilichen/.m2/repository/org/springframework/spring-web/5.3.18/spring-web-5.3.18.jar)
[INFO] ImageClasspath Entry: org.springframework:spring-beans:jar:5.3.18:compile (file:///C:/Users/v-shilichen/.m2/repository/org/springframework/spring-beans/5.3.18/spring-beans-5.3.18.jar)
[INFO] ImageClasspath Entry: org.springframework:spring-webmvc:jar:5.3.18:compile (file:///C:/Users/v-shilichen/.m2/repository/org/springframework/spring-webmvc/5.3.18/spring-webmvc-5.3.18.jar)
[INFO] ImageClasspath Entry: org.springframework:spring-aop:jar:5.3.18:compile (file:///C:/Users/v-shilichen/.m2/repository/org/springframework/spring-aop/5.3.18/spring-aop-5.3.18.jar)
[INFO] ImageClasspath Entry: org.springframework:spring-context:jar:5.3.18:compile (file:///C:/Users/v-shilichen/.m2/repository/org/springframework/spring-context/5.3.18/spring-context-5.3.18.jar)
[INFO] ImageClasspath Entry: org.springframework:spring-expression:jar:5.3.18:compile (file:///C:/Users/v-shilichen/.m2/repository/org/springframework/spring-expression/5.3.18/spring-expression-5.3.18.jar)
[INFO] ImageClasspath Entry: com.azure.spring:spring-cloud-azure-starter-storage-blob:jar:4.1.0:compile (file:///C:/Users/v-shilichen/.m2/repository/com/azure/spring/spring-cloud-azure-starter-storage-blob/4.1.0/spring-cloud-azure-starter-storage-blob-4.1.0.jar)
[INFO] ImageClasspath Entry: com.azure.spring:spring-cloud-azure-starter:jar:4.1.0:compile (file:///C:/Users/v-shilichen/.m2/repository/com/azure/spring/spring-cloud-azure-starter/4.1.0/spring-cloud-azure-starter-4.1.0.jar)
[INFO] ImageClasspath Entry: com.azure.spring:spring-cloud-azure-autoconfigure:jar:4.1.0:compile (file:///C:/Users/v-shilichen/.m2/repository/com/azure/spring/spring-cloud-azure-autoconfigure/4.1.0/spring-cloud-azure-autoconfigure-4.1.0.jar)
[INFO] ImageClasspath Entry: com.azure.spring:spring-cloud-azure-service:jar:4.1.0:compile (file:///C:/Users/v-shilichen/.m2/repository/com/azure/spring/spring-cloud-azure-service/4.1.0/spring-cloud-azure-service-4.1.0.jar)
[INFO] ImageClasspath Entry: com.azure.spring:spring-cloud-azure-core:jar:4.1.0:compile (file:///C:/Users/v-shilichen/.m2/repository/com/azure/spring/spring-cloud-azure-core/4.1.0/spring-cloud-azure-core-4.1.0.jar)
[INFO] ImageClasspath Entry: com.azure:azure-identity:jar:1.5.0:compile (file:///C:/Users/v-shilichen/.m2/repository/com/azure/azure-identity/1.5.0/azure-identity-1.5.0.jar)
[INFO] ImageClasspath Entry: com.microsoft.azure:msal4j:jar:1.11.3:compile (file:///C:/Users/v-shilichen/.m2/repository/com/microsoft/azure/msal4j/1.11.3/msal4j-1.11.3.jar)
[INFO] ImageClasspath Entry: com.nimbusds:oauth2-oidc-sdk:jar:9.22.1:compile (file:///C:/Users/v-shilichen/.m2/repository/com/nimbusds/oauth2-oidc-sdk/9.22.1/oauth2-oidc-sdk-9.22.1.jar)
[INFO] ImageClasspath Entry: com.github.stephenc.jcip:jcip-annotations:jar:1.0-1:compile (file:///C:/Users/v-shilichen/.m2/repository/com/github/stephenc/jcip/jcip-annotations/1.0-1/jcip-annotations-1.0-1.jar)
[INFO] ImageClasspath Entry: com.nimbusds:content-type:jar:2.2:compile (file:///C:/Users/v-shilichen/.m2/repository/com/nimbusds/content-type/2.2/content-type-2.2.jar)
[INFO] ImageClasspath Entry: com.nimbusds:lang-tag:jar:1.5:compile (file:///C:/Users/v-shilichen/.m2/repository/com/nimbusds/lang-tag/1.5/lang-tag-1.5.jar)
[INFO] ImageClasspath Entry: com.nimbusds:nimbus-jose-jwt:jar:9.15.2:compile (file:///C:/Users/v-shilichen/.m2/repository/com/nimbusds/nimbus-jose-jwt/9.15.2/nimbus-jose-jwt-9.15.2.jar)
[INFO] ImageClasspath Entry: com.microsoft.azure:msal4j-persistence-extension:jar:1.1.0:compile (file:///C:/Users/v-shilichen/.m2/repository/com/microsoft/azure/msal4j-persistence-extension/1.1.0/msal4j-persistence-extension-1.1.0.jar)
[INFO] ImageClasspath Entry: net.java.dev.jna:jna:jar:5.5.0:compile (file:///C:/Users/v-shilichen/.m2/repository/net/java/dev/jna/jna/5.5.0/jna-5.5.0.jar)
[INFO] ImageClasspath Entry: net.java.dev.jna:jna-platform:jar:5.6.0:compile (file:///C:/Users/v-shilichen/.m2/repository/net/java/dev/jna/jna-platform/5.6.0/jna-platform-5.6.0.jar)
[INFO] ImageClasspath Entry: com.azure:azure-core-amqp:jar:2.4.2:compile (file:///C:/Users/v-shilichen/.m2/repository/com/azure/azure-core-amqp/2.4.2/azure-core-amqp-2.4.2.jar)
[INFO] ImageClasspath Entry: com.microsoft.azure:qpid-proton-j-extensions:jar:1.2.4:compile (file:///C:/Users/v-shilichen/.m2/repository/com/microsoft/azure/qpid-proton-j-extensions/1.2.4/qpid-proton-j-extensions-1.2.4.jar)
[INFO] ImageClasspath Entry: org.apache.qpid:proton-j:jar:0.33.8:compile (file:///C:/Users/v-shilichen/.m2/repository/org/apache/qpid/proton-j/0.33.8/proton-j-0.33.8.jar)
[INFO] ImageClasspath Entry: com.azure:azure-core-management:jar:1.5.4:compile (file:///C:/Users/v-shilichen/.m2/repository/com/azure/azure-core-management/1.5.4/azure-core-management-1.5.4.jar)
[INFO] ImageClasspath Entry: jakarta.validation:jakarta.validation-api:jar:2.0.2:compile (file:///C:/Users/v-shilichen/.m2/repository/jakarta/validation/jakarta.validation-api/2.0.2/jakarta.validation-api-2.0.2.jar)
[INFO] ImageClasspath Entry: com.azure:azure-storage-blob:jar:12.16.0:compile (file:///C:/Users/v-shilichen/.m2/repository/com/azure/azure-storage-blob/12.16.0/azure-storage-blob-12.16.0.jar)
[INFO] ImageClasspath Entry: com.azure:azure-core:jar:1.27.0:compile (file:///C:/Users/v-shilichen/.m2/repository/com/azure/azure-core/1.27.0/azure-core-1.27.0.jar)
[INFO] ImageClasspath Entry: com.fasterxml.jackson.dataformat:jackson-dataformat-xml:jar:2.13.2:compile (file:///C:/Users/v-shilichen/.m2/repository/com/fasterxml/jackson/dataformat/jackson-dataformat-xml/2.13.2/jackson-dataformat-xml-2.13.2.jar)
[INFO] ImageClasspath Entry: org.codehaus.woodstox:stax2-api:jar:4.2.1:compile (file:///C:/Users/v-shilichen/.m2/repository/org/codehaus/woodstox/stax2-api/4.2.1/stax2-api-4.2.1.jar)
[INFO] ImageClasspath Entry: com.fasterxml.woodstox:woodstox-core:jar:6.2.7:compile (file:///C:/Users/v-shilichen/.m2/repository/com/fasterxml/woodstox/woodstox-core/6.2.7/woodstox-core-6.2.7.jar)
[INFO] ImageClasspath Entry: io.projectreactor:reactor-core:jar:3.4.16:compile (file:///C:/Users/v-shilichen/.m2/repository/io/projectreactor/reactor-core/3.4.16/reactor-core-3.4.16.jar)
[INFO] ImageClasspath Entry: org.reactivestreams:reactive-streams:jar:1.0.3:compile (file:///C:/Users/v-shilichen/.m2/repository/org/reactivestreams/reactive-streams/1.0.3/reactive-streams-1.0.3.jar)
[INFO] ImageClasspath Entry: io.netty:netty-tcnative-boringssl-static:jar:2.0.51.Final:compile (file:///C:/Users/v-shilichen/.m2/repository/io/netty/netty-tcnative-boringssl-static/2.0.51.Final/netty-tcnative-boringssl-static-2.0.51.Final.jar)
[INFO] ImageClasspath Entry: io.netty:netty-tcnative-classes:jar:2.0.51.Final:compile (file:///C:/Users/v-shilichen/.m2/repository/io/netty/netty-tcnative-classes/2.0.51.Final/netty-tcnative-classes-2.0.51.Final.jar)
[INFO] ImageClasspath Entry: io.netty:netty-tcnative-boringssl-static:jar:linux-x86_64:2.0.51.Final:compile (file:///C:/Users/v-shilichen/.m2/repository/io/netty/netty-tcnative-boringssl-static/2.0.51.Final/netty-tcnative-boringssl-static-2.0.51.Final-linux-x86_64.jar)
[INFO] ImageClasspath Entry: io.netty:netty-tcnative-boringssl-static:jar:linux-aarch_64:2.0.51.Final:compile (file:///C:/Users/v-shilichen/.m2/repository/io/netty/netty-tcnative-boringssl-static/2.0.51.Final/netty-tcnative-boringssl-static-2.0.51.Final-linux-aarch_64.jar)
[INFO] ImageClasspath Entry: io.netty:netty-tcnative-boringssl-static:jar:osx-x86_64:2.0.51.Final:compile (file:///C:/Users/v-shilichen/.m2/repository/io/netty/netty-tcnative-boringssl-static/2.0.51.Final/netty-tcnative-boringssl-static-2.0.51.Final-osx-x86_64.jar)
[INFO] ImageClasspath Entry: io.netty:netty-tcnative-boringssl-static:jar:osx-aarch_64:2.0.51.Final:compile (file:///C:/Users/v-shilichen/.m2/repository/io/netty/netty-tcnative-boringssl-static/2.0.51.Final/netty-tcnative-boringssl-static-2.0.51.Final-osx-aarch_64.jar)
[INFO] ImageClasspath Entry: io.netty:netty-tcnative-boringssl-static:jar:windows-x86_64:2.0.51.Final:compile (file:///C:/Users/v-shilichen/.m2/repository/io/netty/netty-tcnative-boringssl-static/2.0.51.Final/netty-tcnative-boringssl-static-2.0.51.Final-windows-x86_64.jar)
[INFO] ImageClasspath Entry: com.azure:azure-core-http-netty:jar:1.11.9:compile (file:///C:/Users/v-shilichen/.m2/repository/com/azure/azure-core-http-netty/1.11.9/azure-core-http-netty-1.11.9.jar)
[INFO] ImageClasspath Entry: io.projectreactor.netty:reactor-netty-http:jar:1.0.17:compile (file:///C:/Users/v-shilichen/.m2/repository/io/projectreactor/netty/reactor-netty-http/1.0.17/reactor-netty-http-1.0.17.jar)
[INFO] ImageClasspath Entry: io.netty:netty-resolver-dns:jar:4.1.75.Final:compile (file:///C:/Users/v-shilichen/.m2/repository/io/netty/netty-resolver-dns/4.1.75.Final/netty-resolver-dns-4.1.75.Final.jar)
[WARNING] jar:file:///C:/Users/v-shilichen/.m2/repository/io/netty/netty-resolver-dns/4.1.75.Final/netty-resolver-dns-4.1.75.Final.jar!/META-INF/native-image/io.netty/resolver-dns/native-image.properties does not match recommended META-INF/native-image/${groupId}/${artifactId}/native-image.properties layout.
[INFO] ImageClasspath Entry: io.netty:netty-codec-dns:jar:4.1.75.Final:compile (file:///C:/Users/v-shilichen/.m2/repository/io/netty/netty-codec-dns/4.1.75.Final/netty-codec-dns-4.1.75.Final.jar)
[INFO] ImageClasspath Entry: io.netty:netty-resolver-dns-native-macos:jar:osx-x86_64:4.1.75.Final:compile (file:///C:/Users/v-shilichen/.m2/repository/io/netty/netty-resolver-dns-native-macos/4.1.75.Final/netty-resolver-dns-native-macos-4.1.75.Final-osx-x86_64.jar)
[INFO] ImageClasspath Entry: io.netty:netty-resolver-dns-classes-macos:jar:4.1.75.Final:compile (file:///C:/Users/v-shilichen/.m2/repository/io/netty/netty-resolver-dns-classes-macos/4.1.75.Final/netty-resolver-dns-classes-macos-4.1.75.Final.jar)
[INFO] ImageClasspath Entry: io.projectreactor.netty:reactor-netty-core:jar:1.0.17:compile (file:///C:/Users/v-shilichen/.m2/repository/io/projectreactor/netty/reactor-netty-core/1.0.17/reactor-netty-core-1.0.17.jar)
[INFO] ImageClasspath Entry: com.azure:azure-storage-common:jar:12.15.1:compile (file:///C:/Users/v-shilichen/.m2/repository/com/azure/azure-storage-common/12.15.1/azure-storage-common-12.15.1.jar)
[INFO] ImageClasspath Entry: com.azure:azure-storage-internal-avro:jar:12.2.1:compile (file:///C:/Users/v-shilichen/.m2/repository/com/azure/azure-storage-internal-avro/12.2.1/azure-storage-internal-avro-12.2.1.jar)
[INFO] ImageClasspath Entry: org.springframework.experimental:spring-native:jar:0.11.4:compile (file:///C:/Users/v-shilichen/.m2/repository/org/springframework/experimental/spring-native/0.11.4/spring-native-0.11.4.jar)
[INFO] ImageClasspath Entry: com.azure.spring:spring-cloud-azure-native-configuration:jar:4.0.0-beta.1:compile (file:///C:/Users/v-shilichen/.m2/repository/com/azure/spring/spring-cloud-azure-native-configuration/4.0.0-beta.1/spring-cloud-azure-native-configuration-4.0.0-beta.1.jar)
[INFO] ImageClasspath Entry: org.springframework.experimental:spring-aot:jar:0.11.4:compile (file:///C:/Users/v-shilichen/.m2/repository/org/springframework/experimental/spring-aot/0.11.4/spring-aot-0.11.4.jar)
[INFO] ImageClasspath Entry: org.springframework.boot:spring-boot-loader-tools:jar:2.6.6:compile (file:///C:/Users/v-shilichen/.m2/repository/org/springframework/boot/spring-boot-loader-tools/2.6.6/spring-boot-loader-tools-2.6.6.jar)
[INFO] ImageClasspath Entry: org.apache.commons:commons-compress:jar:1.21:compile (file:///C:/Users/v-shilichen/.m2/repository/org/apache/commons/commons-compress/1.21/commons-compress-1.21.jar)
[INFO] ImageClasspath Entry: com.squareup:javapoet:jar:1.13.0:compile (file:///C:/Users/v-shilichen/.m2/repository/com/squareup/javapoet/1.13.0/javapoet-1.13.0.jar)
[INFO] ImageClasspath Entry: info.picocli:picocli:jar:4.6.1:compile (file:///C:/Users/v-shilichen/.m2/repository/info/picocli/picocli/4.6.1/picocli-4.6.1.jar)
[INFO] ImageClasspath Entry: net.bytebuddy:byte-buddy:jar:1.11.22:compile (file:///C:/Users/v-shilichen/.m2/repository/net/bytebuddy/byte-buddy/1.11.22/byte-buddy-1.11.22.jar)
[INFO] ImageClasspath Entry: com.azure:azure-aot-graalvm-support:jar:1.0.0-beta.2:compile (file:///C:/Users/v-shilichen/.m2/repository/com/azure/azure-aot-graalvm-support/1.0.0-beta.2/azure-aot-graalvm-support-1.0.0-beta.2.jar)
[WARNING] jar:file:///C:/Users/v-shilichen/.m2/repository/com/azure/azure-aot-graalvm-support/1.0.0-beta.2/azure-aot-graalvm-support-1.0.0-beta.2.jar!/META-INF/native-image/com.azure/native-image.properties does not match recommended META-INF/native-image/${groupId}/${artifactId}/native-image.properties layout.
[WARNING] jar:file:///C:/Users/v-shilichen/.m2/repository/com/azure/azure-aot-graalvm-support/1.0.0-beta.2/azure-aot-graalvm-support-1.0.0-beta.2.jar!/META-INF/native-image/com.azure/azure-core/native-image.properties does not match recommended META-INF/native-image/${groupId}/${artifactId}/native-image.properties layout.
[INFO] ImageClasspath Entry: org.graalvm.sdk:graal-sdk:jar:22.0.0.2:compile (file:///C:/Users/v-shilichen/.m2/repository/org/graalvm/sdk/graal-sdk/22.0.0.2/graal-sdk-22.0.0.2.jar)
[WARNING] jar:file:///C:/Users/v-shilichen/.m2/repository/org/graalvm/sdk/graal-sdk/22.0.0.2/graal-sdk-22.0.0.2.jar!/META-INF/native-image/org.graalvm.polyglot/native-image.properties does not match recommended META-INF/native-image/${groupId}/${artifactId}/native-image.properties layout.
[WARNING] jar:file:///C:/Users/v-shilichen/.m2/repository/org/graalvm/sdk/graal-sdk/22.0.0.2/graal-sdk-22.0.0.2.jar!/META-INF/native-image/org.graalvm.home/native-image.properties does not match recommended META-INF/native-image/${groupId}/${artifactId}/native-image.properties layout.
[INFO] ImageClasspath Entry: org.graalvm.nativeimage:svm:jar:22.0.0.2:compile (file:///C:/Users/v-shilichen/.m2/repository/org/graalvm/nativeimage/svm/22.0.0.2/svm-22.0.0.2.jar)
[INFO] ImageClasspath Entry: org.graalvm.nativeimage:objectfile:jar:22.0.0.2:compile (file:///C:/Users/v-shilichen/.m2/repository/org/graalvm/nativeimage/objectfile/22.0.0.2/objectfile-22.0.0.2.jar)
[INFO] ImageClasspath Entry: org.graalvm.nativeimage:pointsto:jar:22.0.0.2:compile (file:///C:/Users/v-shilichen/.m2/repository/org/graalvm/nativeimage/pointsto/22.0.0.2/pointsto-22.0.0.2.jar)
[INFO] ImageClasspath Entry: org.graalvm.compiler:compiler:jar:22.0.0.2:compile (file:///C:/Users/v-shilichen/.m2/repository/org/graalvm/compiler/compiler/22.0.0.2/compiler-22.0.0.2.jar)
[INFO] ImageClasspath Entry: org.graalvm.truffle:truffle-api:jar:22.0.0.2:compile (file:///C:/Users/v-shilichen/.m2/repository/org/graalvm/truffle/truffle-api/22.0.0.2/truffle-api-22.0.0.2.jar)
[INFO] ImageClasspath Entry: org.graalvm.nativeimage:native-image-base:jar:22.0.0.2:compile (file:///C:/Users/v-shilichen/.m2/repository/org/graalvm/nativeimage/native-image-base/22.0.0.2/native-image-base-22.0.0.2.jar)
[INFO] ImageClasspath Entry: com.azure:azure-aot-graalvm-support-netty:jar:1.0.0-beta.2:compile (file:///C:/Users/v-shilichen/.m2/repository/com/azure/azure-aot-graalvm-support-netty/1.0.0-beta.2/azure-aot-graalvm-support-netty-1.0.0-beta.2.jar)
[WARNING] jar:file:///C:/Users/v-shilichen/.m2/repository/com/azure/azure-aot-graalvm-support-netty/1.0.0-beta.2/azure-aot-graalvm-support-netty-1.0.0-beta.2.jar!/META-INF/native-image/com.azure/azure-core-http-netty/native-image.properties does not match recommended META-INF/native-image/${groupId}/${artifactId}/native-image.properties layout.
[INFO] ImageClasspath Entry: io.netty:netty-handler:jar:4.1.75.Final:compile (file:///C:/Users/v-shilichen/.m2/repository/io/netty/netty-handler/4.1.75.Final/netty-handler-4.1.75.Final.jar)
[WARNING] jar:file:///C:/Users/v-shilichen/.m2/repository/io/netty/netty-handler/4.1.75.Final/netty-handler-4.1.75.Final.jar!/META-INF/native-image/io.netty/handler/native-image.properties does not match recommended META-INF/native-image/${groupId}/${artifactId}/native-image.properties layout.
[INFO] ImageClasspath Entry: io.netty:netty-common:jar:4.1.75.Final:compile (file:///C:/Users/v-shilichen/.m2/repository/io/netty/netty-common/4.1.75.Final/netty-common-4.1.75.Final.jar)
[WARNING] jar:file:///C:/Users/v-shilichen/.m2/repository/io/netty/netty-common/4.1.75.Final/netty-common-4.1.75.Final.jar!/META-INF/native-image/io.netty/common/native-image.properties does not match recommended META-INF/native-image/${groupId}/${artifactId}/native-image.properties layout.
[INFO] ImageClasspath Entry: io.netty:netty-resolver:jar:4.1.75.Final:compile (file:///C:/Users/v-shilichen/.m2/repository/io/netty/netty-resolver/4.1.75.Final/netty-resolver-4.1.75.Final.jar)
[INFO] ImageClasspath Entry: io.netty:netty-transport:jar:4.1.75.Final:compile (file:///C:/Users/v-shilichen/.m2/repository/io/netty/netty-transport/4.1.75.Final/netty-transport-4.1.75.Final.jar)
[WARNING] jar:file:///C:/Users/v-shilichen/.m2/repository/io/netty/netty-transport/4.1.75.Final/netty-transport-4.1.75.Final.jar!/META-INF/native-image/io.netty/transport/native-image.properties does not match recommended META-INF/native-image/${groupId}/${artifactId}/native-image.properties layout.
[INFO] ImageClasspath Entry: io.netty:netty-codec:jar:4.1.75.Final:compile (file:///C:/Users/v-shilichen/.m2/repository/io/netty/netty-codec/4.1.75.Final/netty-codec-4.1.75.Final.jar)
[INFO] ImageClasspath Entry: io.netty:netty-handler-proxy:jar:4.1.75.Final:compile (file:///C:/Users/v-shilichen/.m2/repository/io/netty/netty-handler-proxy/4.1.75.Final/netty-handler-proxy-4.1.75.Final.jar)
[INFO] ImageClasspath Entry: io.netty:netty-codec-socks:jar:4.1.75.Final:compile (file:///C:/Users/v-shilichen/.m2/repository/io/netty/netty-codec-socks/4.1.75.Final/netty-codec-socks-4.1.75.Final.jar)
[INFO] ImageClasspath Entry: io.netty:netty-buffer:jar:4.1.75.Final:compile (file:///C:/Users/v-shilichen/.m2/repository/io/netty/netty-buffer/4.1.75.Final/netty-buffer-4.1.75.Final.jar)
[WARNING] jar:file:///C:/Users/v-shilichen/.m2/repository/io/netty/netty-buffer/4.1.75.Final/netty-buffer-4.1.75.Final.jar!/META-INF/native-image/io.netty/buffer/native-image.properties does not match recommended META-INF/native-image/${groupId}/${artifactId}/native-image.properties layout.
[INFO] ImageClasspath Entry: io.netty:netty-codec-http:jar:4.1.75.Final:compile (file:///C:/Users/v-shilichen/.m2/repository/io/netty/netty-codec-http/4.1.75.Final/netty-codec-http-4.1.75.Final.jar)
[WARNING] jar:file:///C:/Users/v-shilichen/.m2/repository/io/netty/netty-codec-http/4.1.75.Final/netty-codec-http-4.1.75.Final.jar!/META-INF/native-image/io.netty/codec-http/native-image.properties does not match recommended META-INF/native-image/${groupId}/${artifactId}/native-image.properties layout.
[INFO] ImageClasspath Entry: io.netty:netty-codec-http2:jar:4.1.75.Final:compile (file:///C:/Users/v-shilichen/.m2/repository/io/netty/netty-codec-http2/4.1.75.Final/netty-codec-http2-4.1.75.Final.jar)
[WARNING] jar:file:///C:/Users/v-shilichen/.m2/repository/io/netty/netty-codec-http2/4.1.75.Final/netty-codec-http2-4.1.75.Final.jar!/META-INF/native-image/io.netty/codec-http2/native-image.properties does not match recommended META-INF/native-image/${groupId}/${artifactId}/native-image.properties layout.
[INFO] ImageClasspath Entry: io.netty:netty-transport-native-unix-common:jar:4.1.75.Final:compile (file:///C:/Users/v-shilichen/.m2/repository/io/netty/netty-transport-native-unix-common/4.1.75.Final/netty-transport-native-unix-common-4.1.75.Final.jar)
[INFO] ImageClasspath Entry: io.netty:netty-transport-native-epoll:jar:linux-x86_64:4.1.75.Final:compile (file:///C:/Users/v-shilichen/.m2/repository/io/netty/netty-transport-native-epoll/4.1.75.Final/netty-transport-native-epoll-4.1.75.Final-linux-x86_64.jar)
[INFO] ImageClasspath Entry: io.netty:netty-transport-classes-epoll:jar:4.1.75.Final:compile (file:///C:/Users/v-shilichen/.m2/repository/io/netty/netty-transport-classes-epoll/4.1.75.Final/netty-transport-classes-epoll-4.1.75.Final.jar)
[INFO] ImageClasspath Entry: io.netty:netty-transport-native-kqueue:jar:osx-x86_64:4.1.75.Final:compile (file:///C:/Users/v-shilichen/.m2/repository/io/netty/netty-transport-native-kqueue/4.1.75.Final/netty-transport-native-kqueue-4.1.75.Final-osx-x86_64.jar)
[INFO] ImageClasspath Entry: io.netty:netty-transport-classes-kqueue:jar:4.1.75.Final:compile (file:///C:/Users/v-shilichen/.m2/repository/io/netty/netty-transport-classes-kqueue/4.1.75.Final/netty-transport-classes-kqueue-4.1.75.Final.jar)
[INFO] ImageClasspath Entry: net.minidev:json-smart:jar:2.4.8:compile (file:///C:/Users/v-shilichen/.m2/repository/net/minidev/json-smart/2.4.8/json-smart-2.4.8.jar)
[INFO] ImageClasspath Entry: net.minidev:accessors-smart:jar:2.4.8:compile (file:///C:/Users/v-shilichen/.m2/repository/net/minidev/accessors-smart/2.4.8/accessors-smart-2.4.8.jar)
[INFO] ImageClasspath Entry: org.ow2.asm:asm:jar:9.1:compile (file:///C:/Users/v-shilichen/.m2/repository/org/ow2/asm/asm/9.1/asm-9.1.jar)
[INFO] ImageClasspath Entry: org.slf4j:slf4j-api:jar:1.7.36:compile (file:///C:/Users/v-shilichen/.m2/repository/org/slf4j/slf4j-api/1.7.36/slf4j-api-1.7.36.jar)
[INFO] ImageClasspath Entry: org.springframework:spring-core:jar:5.3.18:compile (file:///C:/Users/v-shilichen/.m2/repository/org/springframework/spring-core/5.3.18/spring-core-5.3.18.jar)
[INFO] ImageClasspath Entry: org.springframework:spring-jcl:jar:5.3.18:compile (file:///C:/Users/v-shilichen/.m2/repository/org/springframework/spring-jcl/5.3.18/spring-jcl-5.3.18.jar)
[INFO] ImageClasspath Entry: com.example:issue-azure-storage-native:jar:0.0.1-SNAPSHOT (file:///D:/issues/issue-azure-storage-native/target/issue-azure-storage-native-0.0.1-SNAPSHOT.jar)
[WARNING] jar:file:///D:/issues/issue-azure-storage-native/target/issue-azure-storage-native-0.0.1-SNAPSHOT.jar!/META-INF/native-image/org.springframework.aot/spring-aot/native-image.properties does not match recommended META-INF/native-image/${groupId}/${artifactId}/native-image.properties layout.
[INFO] Executing: D:\noinstall\graalvm-ce-java11-22.0.0.2\bin\native-image.cmd @C:\Users\V-SHIL~1\AppData\Local\Temp\native-image6059104554931944822args
Executing [
'D:\noinstall\graalvm-ce-java11-22.0.0.2\bin\java.exe' \
-XX:+UseParallelGC \
-XX:+UnlockExperimentalVMOptions \
-XX:+EnableJVMCI \
-Dtruffle.TrustAllTruffleRuntimeProviders=true \
-Dtruffle.TruffleRuntime=com.oracle.truffle.api.impl.DefaultTruffleRuntime \
-Dgraalvm.ForcePolyglotInvalid=true \
-Dgraalvm.locatorDisabled=true \
-Dsubstratevm.IgnoreGraalVersionCheck=true \
--add-exports=java.base/com.sun.crypto.provider=ALL-UNNAMED \
--add-exports=java.base/jdk.internal.event=ALL-UNNAMED \
--add-exports=java.base/jdk.internal.loader=ALL-UNNAMED \
--add-exports=java.base/jdk.internal.logger=ALL-UNNAMED \
--add-exports=java.base/jdk.internal.misc=ALL-UNNAMED \
--add-exports=java.base/jdk.internal.module=ALL-UNNAMED \
--add-exports=java.base/jdk.internal.org.objectweb.asm=ALL-UNNAMED \
--add-exports=java.base/jdk.internal.org.xml.sax.helpers=ALL-UNNAMED \
--add-exports=java.base/jdk.internal.perf=ALL-UNNAMED \
--add-exports=java.base/jdk.internal.ref=ALL-UNNAMED \
--add-exports=java.base/jdk.internal.reflect=ALL-UNNAMED \
--add-exports=java.base/jdk.internal.util.xml.impl=ALL-UNNAMED \
--add-exports=java.base/jdk.internal.util.xml=ALL-UNNAMED \
--add-exports=java.base/sun.invoke.util=ALL-UNNAMED \
--add-exports=java.base/sun.net=ALL-UNNAMED \
--add-exports=java.base/sun.nio.ch=ALL-UNNAMED \
--add-exports=java.base/sun.reflect.annotation=ALL-UNNAMED \
--add-exports=java.base/sun.reflect.generics.reflectiveObjects=ALL-UNNAMED \
--add-exports=java.base/sun.reflect.generics.repository=ALL-UNNAMED \
--add-exports=java.base/sun.reflect.generics.tree=ALL-UNNAMED \
--add-exports=java.base/sun.security.jca=ALL-UNNAMED \
--add-exports=java.base/sun.security.provider=ALL-UNNAMED \
--add-exports=java.base/sun.security.ssl=ALL-UNNAMED \
--add-exports=java.base/sun.security.util=ALL-UNNAMED \
--add-exports=java.base/sun.text.spi=ALL-UNNAMED \
--add-exports=java.base/sun.util.calendar=ALL-UNNAMED \
--add-exports=java.base/sun.util.locale.provider=ALL-UNNAMED \
--add-exports=java.base/sun.util.resources=ALL-UNNAMED \
--add-exports=java.management/sun.management=ALL-UNNAMED \
--add-exports=java.xml.crypto/org.jcp.xml.dsig.internal.dom=ALL-UNNAMED \
--add-exports=jdk.internal.vm.ci/jdk.vm.ci.aarch64=ALL-UNNAMED \
--add-exports=jdk.internal.vm.ci/jdk.vm.ci.amd64=ALL-UNNAMED \
--add-exports=jdk.internal.vm.ci/jdk.vm.ci.code.site=ALL-UNNAMED \
--add-exports=jdk.internal.vm.ci/jdk.vm.ci.code.stack=ALL-UNNAMED \
--add-exports=jdk.internal.vm.ci/jdk.vm.ci.code=ALL-UNNAMED \
--add-exports=jdk.internal.vm.ci/jdk.vm.ci.common=ALL-UNNAMED \
--add-exports=jdk.internal.vm.ci/jdk.vm.ci.hotspot.aarch64=ALL-UNNAMED \
--add-exports=jdk.internal.vm.ci/jdk.vm.ci.hotspot.amd64=ALL-UNNAMED \
--add-exports=jdk.internal.vm.ci/jdk.vm.ci.hotspot.sparc=ALL-UNNAMED \
--add-exports=jdk.internal.vm.ci/jdk.vm.ci.hotspot=ALL-UNNAMED \
--add-exports=jdk.internal.vm.ci/jdk.vm.ci.meta=ALL-UNNAMED \
--add-exports=jdk.internal.vm.ci/jdk.vm.ci.runtime=ALL-UNNAMED \
--add-exports=jdk.internal.vm.ci/jdk.vm.ci.services=ALL-UNNAMED \
--add-exports=jdk.internal.vm.ci/jdk.vm.ci.sparc=ALL-UNNAMED \
--add-exports=jdk.jfr/jdk.jfr.events=ALL-UNNAMED \
--add-exports=jdk.jfr/jdk.jfr.internal.consumer=ALL-UNNAMED \
--add-exports=jdk.jfr/jdk.jfr.internal.handlers=ALL-UNNAMED \
--add-exports=jdk.jfr/jdk.jfr.internal.jfc=ALL-UNNAMED \
--add-exports=jdk.jfr/jdk.jfr.internal=ALL-UNNAMED \
-XX:+UseJVMCINativeLibrary \
-Xss10m \
-Xms1g \
-Xmx13490654408 \
-Djava.awt.headless=true \
-Dorg.graalvm.version=22.0.0.2 \
-Dorg.graalvm.config=CE \
-Dcom.oracle.graalvm.isaot=true \
-Djava.system.class.loader=com.oracle.svm.hosted.NativeImageSystemClassLoader \
-Xshare:off \
-Djdk.internal.lambda.disableEagerInitialization=true \
-Djdk.internal.lambda.eagerlyInitialize=false \
-Djava.lang.invoke.InnerClassLambdaMetafactory.initializeLambdas=false \
-Dio.netty.tryReflectionSetAccessible=true \
--add-exports=java.management/sun.management=ALL-UNNAMED \
'-javaagent:D:\noinstall\graalvm-ce-java11-22.0.0.2\lib\svm\builder\svm.jar' \
-cp \
'D:\noinstall\graalvm-ce-java11-22.0.0.2\lib\svm\builder\native-image-base.jar;D:\noinstall\graalvm-ce-java11-22.0.0.2\lib\svm\builder\objectfile.jar;D:\noinstall\graalvm-ce-java11-22.0.0.2\lib\svm\builder\pointsto.jar;D:\noinstall\graalvm-ce-java11-22.0.0.2\lib\svm\builder\svm.jar' \
--module-path \
'D:\noinstall\graalvm-ce-java11-22.0.0.2\lib\truffle\truffle-api.jar' \
'com.oracle.svm.hosted.NativeImageGeneratorRunner$JDK9Plus' \
-imagecp \
'C:\Users\v-shilichen\.m2\repository\org\springframework\boot\spring-boot-starter-web\2.6.6\spring-boot-starter-web-2.6.6.jar;C:\Users\v-shilichen\.m2\repository\org\springframework\boot\spring-boot-starter\2.6.6\spring-boot-starter-2.6.6.jar;C:\Users\v-shilichen\.m2\repository\org\springframework\boot\spring-boot\2.6.6\spring-boot-2.6.6.jar;C:\Users\v-shilichen\.m2\repository\org\springframework\boot\spring-boot-autoconfigure\2.6.6\spring-boot-autoconfigure-2.6.6.jar;C:\Users\v-shilichen\.m2\repository\org\springframework\boot\spring-boot-starter-logging\2.6.6\spring-boot-starter-logging-2.6.6.jar;C:\Users\v-shilichen\.m2\repository\ch\qos\logback\logback-classic\1.2.11\logback-classic-1.2.11.jar;C:\Users\v-shilichen\.m2\repository\ch\qos\logback\logback-core\1.2.11\logback-core-1.2.11.jar;C:\Users\v-shilichen\.m2\repository\org\apache\logging\log4j\log4j-to-slf4j\2.17.2\log4j-to-slf4j-2.17.2.jar;C:\Users\v-shilichen\.m2\repository\org\apache\logging\log4j\log4j-api\2.17.2\log4j-api-2.17.2.jar;C:\Users\v-shilichen\.m2\repository\org\slf4j\jul-to-slf4j\1.7.36\jul-to-slf4j-1.7.36.jar;C:\Users\v-shilichen\.m2\repository\jakarta\annotation\jakarta.annotation-api\1.3.5\jakarta.annotation-api-1.3.5.jar;C:\Users\v-shilichen\.m2\repository\org\yaml\snakeyaml\1.29\snakeyaml-1.29.jar;C:\Users\v-shilichen\.m2\repository\org\springframework\boot\spring-boot-starter-json\2.6.6\spring-boot-starter-json-2.6.6.jar;C:\Users\v-shilichen\.m2\repository\com\fasterxml\jackson\core\jackson-databind\2.13.2.2\jackson-databind-2.13.2.2.jar;C:\Users\v-shilichen\.m2\repository\com\fasterxml\jackson\core\jackson-annotations\2.13.2\jackson-annotations-2.13.2.jar;C:\Users\v-shilichen\.m2\repository\com\fasterxml\jackson\core\jackson-core\2.13.2\jackson-core-2.13.2.jar;C:\Users\v-shilichen\.m2\repository\com\fasterxml\jackson\datatype\jackson-datatype-jdk8\2.13.2\jackson-datatype-jdk8-2.13.2.jar;C:\Users\v-shilichen\.m2\repository\com\fasterxml\jackson\datatype\jackson-datatype-jsr310\2.13.2\jackson-datatype-jsr310-2.13.2.jar;C:\Users\v-shilichen\.m2\repository\com\fasterxml\jackson\module\jackson-module-parameter-names\2.13.2\jackson-module-parameter-names-2.13.2.jar;C:\Users\v-shilichen\.m2\repository\org\springframework\boot\spring-boot-starter-tomcat\2.6.6\spring-boot-starter-tomcat-2.6.6.jar;C:\Users\v-shilichen\.m2\repository\org\apache\tomcat\embed\tomcat-embed-core\9.0.60\tomcat-embed-core-9.0.60.jar;C:\Users\v-shilichen\.m2\repository\org\apache\tomcat\embed\tomcat-embed-el\9.0.60\tomcat-embed-el-9.0.60.jar;C:\Users\v-shilichen\.m2\repository\org\apache\tomcat\embed\tomcat-embed-websocket\9.0.60\tomcat-embed-websocket-9.0.60.jar;C:\Users\v-shilichen\.m2\repository\org\springframework\spring-web\5.3.18\spring-web-5.3.18.jar;C:\Users\v-shilichen\.m2\repository\org\springframework\spring-beans\5.3.18\spring-beans-5.3.18.jar;C:\Users\v-shilichen\.m2\repository\org\springframework\spring-webmvc\5.3.18\spring-webmvc-5.3.18.jar;C:\Users\v-shilichen\.m2\repository\org\springframework\spring-aop\5.3.18\spring-aop-5.3.18.jar;C:\Users\v-shilichen\.m2\repository\org\springframework\spring-context\5.3.18\spring-context-5.3.18.jar;C:\Users\v-shilichen\.m2\repository\org\springframework\spring-expression\5.3.18\spring-expression-5.3.18.jar;C:\Users\v-shilichen\.m2\repository\com\azure\spring\spring-cloud-azure-starter-storage-blob\4.1.0\spring-cloud-azure-starter-storage-blob-4.1.0.jar;C:\Users\v-shilichen\.m2\repository\com\azure\spring\spring-cloud-azure-starter\4.1.0\spring-cloud-azure-starter-4.1.0.jar;C:\Users\v-shilichen\.m2\repository\com\azure\spring\spring-cloud-azure-autoconfigure\4.1.0\spring-cloud-azure-autoconfigure-4.1.0.jar;C:\Users\v-shilichen\.m2\repository\com\azure\spring\spring-cloud-azure-service\4.1.0\spring-cloud-azure-service-4.1.0.jar;C:\Users\v-shilichen\.m2\repository\com\azure\spring\spring-cloud-azure-core\4.1.0\spring-cloud-azure-core-4.1.0.jar;C:\Users\v-shilichen\.m2\repository\com\azure\azure-identity\1.5.0\azure-identity-1.5.0.jar;C:\Users\v-shilichen\.m2\repository\com\microsoft\azure\msal4j\1.11.3\msal4j-1.11.3.jar;C:\Users\v-shilichen\.m2\repository\com\nimbusds\oauth2-oidc-sdk\9.22.1\oauth2-oidc-sdk-9.22.1.jar;C:\Users\v-shilichen\.m2\repository\com\github\stephenc\jcip\jcip-annotations\1.0-1\jcip-annotations-1.0-1.jar;C:\Users\v-shilichen\.m2\repository\com\nimbusds\content-type\2.2\content-type-2.2.jar;C:\Users\v-shilichen\.m2\repository\com\nimbusds\lang-tag\1.5\lang-tag-1.5.jar;C:\Users\v-shilichen\.m2\repository\com\nimbusds\nimbus-jose-jwt\9.15.2\nimbus-jose-jwt-9.15.2.jar;C:\Users\v-shilichen\.m2\repository\com\microsoft\azure\msal4j-persistence-extension\1.1.0\msal4j-persistence-extension-1.1.0.jar;C:\Users\v-shilichen\.m2\repository\net\java\dev\jna\jna\5.5.0\jna-5.5.0.jar;C:\Users\v-shilichen\.m2\repository\net\java\dev\jna\jna-platform\5.6.0\jna-platform-5.6.0.jar;C:\Users\v-shilichen\.m2\repository\com\azure\azure-core-amqp\2.4.2\azure-core-amqp-2.4.2.jar;C:\Users\v-shilichen\.m2\repository\com\microsoft\azure\qpid-proton-j-extensions\1.2.4\qpid-proton-j-extensions-1.2.4.jar;C:\Users\v-shilichen\.m2\repository\org\apache\qpid\proton-j\0.33.8\proton-j-0.33.8.jar;C:\Users\v-shilichen\.m2\repository\com\azure\azure-core-management\1.5.4\azure-core-management-1.5.4.jar;C:\Users\v-shilichen\.m2\repository\jakarta\validation\jakarta.validation-api\2.0.2\jakarta.validation-api-2.0.2.jar;C:\Users\v-shilichen\.m2\repository\com\azure\azure-storage-blob\12.16.0\azure-storage-blob-12.16.0.jar;C:\Users\v-shilichen\.m2\repository\com\azure\azure-core\1.27.0\azure-core-1.27.0.jar;C:\Users\v-shilichen\.m2\repository\com\fasterxml\jackson\dataformat\jackson-dataformat-xml\2.13.2\jackson-dataformat-xml-2.13.2.jar;C:\Users\v-shilichen\.m2\repository\org\codehaus\woodstox\stax2-api\4.2.1\stax2-api-4.2.1.jar;C:\Users\v-shilichen\.m2\repository\com\fasterxml\woodstox\woodstox-core\6.2.7\woodstox-core-6.2.7.jar;C:\Users\v-shilichen\.m2\repository\io\projectreactor\reactor-core\3.4.16\reactor-core-3.4.16.jar;C:\Users\v-shilichen\.m2\repository\org\reactivestreams\reactive-streams\1.0.3\reactive-streams-1.0.3.jar;C:\Users\v-shilichen\.m2\repository\io\netty\netty-tcnative-boringssl-static\2.0.51.Final\netty-tcnative-boringssl-static-2.0.51.Final.jar;C:\Users\v-shilichen\.m2\repository\io\netty\netty-tcnative-classes\2.0.51.Final\netty-tcnative-classes-2.0.51.Final.jar;C:\Users\v-shilichen\.m2\repository\io\netty\netty-tcnative-boringssl-static\2.0.51.Final\netty-tcnative-boringssl-static-2.0.51.Final-linux-x86_64.jar;C:\Users\v-shilichen\.m2\repository\io\netty\netty-tcnative-boringssl-static\2.0.51.Final\netty-tcnative-boringssl-static-2.0.51.Final-linux-aarch_64.jar;C:\Users\v-shilichen\.m2\repository\io\netty\netty-tcnative-boringssl-static\2.0.51.Final\netty-tcnative-boringssl-static-2.0.51.Final-osx-x86_64.jar;C:\Users\v-shilichen\.m2\repository\io\netty\netty-tcnative-boringssl-static\2.0.51.Final\netty-tcnative-boringssl-static-2.0.51.Final-osx-aarch_64.jar;C:\Users\v-shilichen\.m2\repository\io\netty\netty-tcnative-boringssl-static\2.0.51.Final\netty-tcnative-boringssl-static-2.0.51.Final-windows-x86_64.jar;C:\Users\v-shilichen\.m2\repository\com\azure\azure-core-http-netty\1.11.9\azure-core-http-netty-1.11.9.jar;C:\Users\v-shilichen\.m2\repository\io\projectreactor\netty\reactor-netty-http\1.0.17\reactor-netty-http-1.0.17.jar;C:\Users\v-shilichen\.m2\repository\io\netty\netty-resolver-dns\4.1.75.Final\netty-resolver-dns-4.1.75.Final.jar;C:\Users\v-shilichen\.m2\repository\io\netty\netty-codec-dns\4.1.75.Final\netty-codec-dns-4.1.75.Final.jar;C:\Users\v-shilichen\.m2\repository\io\netty\netty-resolver-dns-native-macos\4.1.75.Final\netty-resolver-dns-native-macos-4.1.75.Final-osx-x86_64.jar;C:\Users\v-shilichen\.m2\repository\io\netty\netty-resolver-dns-classes-macos\4.1.75.Final\netty-resolver-dns-classes-macos-4.1.75.Final.jar;C:\Users\v-shilichen\.m2\repository\io\projectreactor\netty\reactor-netty-core\1.0.17\reactor-netty-core-1.0.17.jar;C:\Users\v-shilichen\.m2\repository\com\azure\azure-storage-common\12.15.1\azure-storage-common-12.15.1.jar;C:\Users\v-shilichen\.m2\repository\com\azure\azure-storage-internal-avro\12.2.1\azure-storage-internal-avro-12.2.1.jar;C:\Users\v-shilichen\.m2\repository\org\springframework\experimental\spring-native\0.11.4\spring-native-0.11.4.jar;C:\Users\v-shilichen\.m2\repository\com\azure\spring\spring-cloud-azure-native-configuration\4.0.0-beta.1\spring-cloud-azure-native-configuration-4.0.0-beta.1.jar;C:\Users\v-shilichen\.m2\repository\org\springframework\experimental\spring-aot\0.11.4\spring-aot-0.11.4.jar;C:\Users\v-shilichen\.m2\repository\org\springframework\boot\spring-boot-loader-tools\2.6.6\spring-boot-loader-tools-2.6.6.jar;C:\Users\v-shilichen\.m2\repository\org\apache\commons\commons-compress\1.21\commons-compress-1.21.jar;C:\Users\v-shilichen\.m2\repository\com\squareup\javapoet\1.13.0\javapoet-1.13.0.jar;C:\Users\v-shilichen\.m2\repository\info\picocli\picocli\4.6.1\picocli-4.6.1.jar;C:\Users\v-shilichen\.m2\repository\net\bytebuddy\byte-buddy\1.11.22\byte-buddy-1.11.22.jar;C:\Users\v-shilichen\.m2\repository\com\azure\azure-aot-graalvm-support\1.0.0-beta.2\azure-aot-graalvm-support-1.0.0-beta.2.jar;C:\Users\v-shilichen\.m2\repository\org\graalvm\sdk\graal-sdk\22.0.0.2\graal-sdk-22.0.0.2.jar;C:\Users\v-shilichen\.m2\repository\org\graalvm\nativeimage\svm\22.0.0.2\svm-22.0.0.2.jar;C:\Users\v-shilichen\.m2\repository\org\graalvm\nativeimage\objectfile\22.0.0.2\objectfile-22.0.0.2.jar;C:\Users\v-shilichen\.m2\repository\org\graalvm\nativeimage\pointsto\22.0.0.2\pointsto-22.0.0.2.jar;C:\Users\v-shilichen\.m2\repository\org\graalvm\compiler\compiler\22.0.0.2\compiler-22.0.0.2.jar;C:\Users\v-shilichen\.m2\repository\org\graalvm\truffle\truffle-api\22.0.0.2\truffle-api-22.0.0.2.jar;C:\Users\v-shilichen\.m2\repository\org\graalvm\nativeimage\native-image-base\22.0.0.2\native-image-base-22.0.0.2.jar;C:\Users\v-shilichen\.m2\repository\com\azure\azure-aot-graalvm-support-netty\1.0.0-beta.2\azure-aot-graalvm-support-netty-1.0.0-beta.2.jar;C:\Users\v-shilichen\.m2\repository\io\netty\netty-handler\4.1.75.Final\netty-handler-4.1.75.Final.jar;C:\Users\v-shilichen\.m2\repository\io\netty\netty-common\4.1.75.Final\netty-common-4.1.75.Final.jar;C:\Users\v-shilichen\.m2\repository\io\netty\netty-resolver\4.1.75.Final\netty-resolver-4.1.75.Final.jar;C:\Users\v-shilichen\.m2\repository\io\netty\netty-transport\4.1.75.Final\netty-transport-4.1.75.Final.jar;C:\Users\v-shilichen\.m2\repository\io\netty\netty-codec\4.1.75.Final\netty-codec-4.1.75.Final.jar;C:\Users\v-shilichen\.m2\repository\io\netty\netty-handler-proxy\4.1.75.Final\netty-handler-proxy-4.1.75.Final.jar;C:\Users\v-shilichen\.m2\repository\io\netty\netty-codec-socks\4.1.75.Final\netty-codec-socks-4.1.75.Final.jar;C:\Users\v-shilichen\.m2\repository\io\netty\netty-buffer\4.1.75.Final\netty-buffer-4.1.75.Final.jar;C:\Users\v-shilichen\.m2\repository\io\netty\netty-codec-http\4.1.75.Final\netty-codec-http-4.1.75.Final.jar;C:\Users\v-shilichen\.m2\repository\io\netty\netty-codec-http2\4.1.75.Final\netty-codec-http2-4.1.75.Final.jar;C:\Users\v-shilichen\.m2\repository\io\netty\netty-transport-native-unix-common\4.1.75.Final\netty-transport-native-unix-common-4.1.75.Final.jar;C:\Users\v-shilichen\.m2\repository\io\netty\netty-transport-native-epoll\4.1.75.Final\netty-transport-native-epoll-4.1.75.Final-linux-x86_64.jar;C:\Users\v-shilichen\.m2\repository\io\netty\netty-transport-classes-epoll\4.1.75.Final\netty-transport-classes-epoll-4.1.75.Final.jar;C:\Users\v-shilichen\.m2\repository\io\netty\netty-transport-native-kqueue\4.1.75.Final\netty-transport-native-kqueue-4.1.75.Final-osx-x86_64.jar;C:\Users\v-shilichen\.m2\repository\io\netty\netty-transport-classes-kqueue\4.1.75.Final\netty-transport-classes-kqueue-4.1.75.Final.jar;C:\Users\v-shilichen\.m2\repository\net\minidev\json-smart\2.4.8\json-smart-2.4.8.jar;C:\Users\v-shilichen\.m2\repository\net\minidev\accessors-smart\2.4.8\accessors-smart-2.4.8.jar;C:\Users\v-shilichen\.m2\repository\org\ow2\asm\asm\9.1\asm-9.1.jar;C:\Users\v-shilichen\.m2\repository\org\slf4j\slf4j-api\1.7.36\slf4j-api-1.7.36.jar;C:\Users\v-shilichen\.m2\repository\org\springframework\spring-core\5.3.18\spring-core-5.3.18.jar;C:\Users\v-shilichen\.m2\repository\org\springframework\spring-jcl\5.3.18\spring-jcl-5.3.18.jar;D:\issues\issue-azure-storage-native\target\issue-azure-storage-native-0.0.1-SNAPSHOT.jar;D:\noinstall\graalvm-ce-java11-22.0.0.2\lib\svm\library-support.jar' \
'-H:Path=D:\issues\issue-azure-storage-native\target' \
'-H:ReflectionConfigurationResources@jar:file:///C:/Users/v-shilichen/.m2/repository/org/apache/tomcat/embed/tomcat-embed-core/9.0.60/tomcat-embed-core-9.0.60.jar!/META-INF/native-image/org.apache.tomcat.embed/tomcat-embed-core/native-image.properties=META-INF/native-image/org.apache.tomcat.embed/tomcat-embed-core/tomcat-reflection.json' \
'-H:ResourceConfigurationResources@jar:file:///C:/Users/v-shilichen/.m2/repository/org/apache/tomcat/embed/tomcat-embed-core/9.0.60/tomcat-embed-core-9.0.60.jar!/META-INF/native-image/org.apache.tomcat.embed/tomcat-embed-core/native-image.properties=META-INF/native-image/org.apache.tomcat.embed/tomcat-embed-core/tomcat-resource.json' \
'-H:ReflectionConfigurationResources@jar:file:///C:/Users/v-shilichen/.m2/repository/org/apache/tomcat/embed/tomcat-embed-el/9.0.60/tomcat-embed-el-9.0.60.jar!/META-INF/native-image/org.apache.tomcat.embed/tomcat-embed-el/native-image.properties=META-INF/native-image/org.apache.tomcat.embed/tomcat-embed-el/tomcat-reflection.json' \
'-H:ResourceConfigurationResources@jar:file:///C:/Users/v-shilichen/.m2/repository/org/apache/tomcat/embed/tomcat-embed-el/9.0.60/tomcat-embed-el-9.0.60.jar!/META-INF/native-image/org.apache.tomcat.embed/tomcat-embed-el/native-image.properties=META-INF/native-image/org.apache.tomcat.embed/tomcat-embed-el/tomcat-resource.json' \
'-H:ReflectionConfigurationResources@jar:file:///C:/Users/v-shilichen/.m2/repository/org/apache/tomcat/embed/tomcat-embed-websocket/9.0.60/tomcat-embed-websocket-9.0.60.jar!/META-INF/native-image/org.apache.tomcat.embed/tomcat-embed-websocket/native-image.properties=META-INF/native-image/org.apache.tomcat.embed/tomcat-embed-websocket/tomcat-reflection.json' \
'-H:ResourceConfigurationResources@jar:file:///C:/Users/v-shilichen/.m2/repository/org/apache/tomcat/embed/tomcat-embed-websocket/9.0.60/tomcat-embed-websocket-9.0.60.jar!/META-INF/native-image/org.apache.tomcat.embed/tomcat-embed-websocket/native-image.properties=META-INF/native-image/org.apache.tomcat.embed/tomcat-embed-websocket/tomcat-resource.json' \
'-H:ClassInitialization@jar:file:///C:/Users/v-shilichen/.m2/repository/io/netty/netty-resolver-dns/4.1.75.Final/netty-resolver-dns-4.1.75.Final.jar!/META-INF/native-image/io.netty/resolver-dns/native-image.properties=io.netty.resolver.dns.DefaultDnsServerAddressStreamProvider:run_time' \
'-H:ClassInitialization@jar:file:///C:/Users/v-shilichen/.m2/repository/io/netty/netty-resolver-dns/4.1.75.Final/netty-resolver-dns-4.1.75.Final.jar!/META-INF/native-image/io.netty/resolver-dns/native-image.properties=io.netty.resolver.dns.DnsServerAddressStreamProviders$DefaultProviderHolder:run_time' \
'-H:ClassInitialization@jar:file:///C:/Users/v-shilichen/.m2/repository/io/netty/netty-resolver-dns/4.1.75.Final/netty-resolver-dns-4.1.75.Final.jar!/META-INF/native-image/io.netty/resolver-dns/native-image.properties=io.netty.resolver.dns.DnsNameResolver:run_time' \
'-H:ClassInitialization@jar:file:///C:/Users/v-shilichen/.m2/repository/io/netty/netty-resolver-dns/4.1.75.Final/netty-resolver-dns-4.1.75.Final.jar!/META-INF/native-image/io.netty/resolver-dns/native-image.properties=io.netty.resolver.HostsFileEntriesResolver:run_time' \
'-H:+AllowIncompleteClasspath@jar:file:///C:/Users/v-shilichen/.m2/repository/com/azure/azure-aot-graalvm-support/1.0.0-beta.2/azure-aot-graalvm-support-1.0.0-beta.2.jar!/META-INF/native-image/com.azure/native-image.properties' \
'-H:+ReportUnsupportedElementsAtRuntime@jar:file:///C:/Users/v-shilichen/.m2/repository/com/azure/azure-aot-graalvm-support/1.0.0-beta.2/azure-aot-graalvm-support-1.0.0-beta.2.jar!/META-INF/native-image/com.azure/native-image.properties' \
'-H:+AddAllCharsets@jar:file:///C:/Users/v-shilichen/.m2/repository/com/azure/azure-aot-graalvm-support/1.0.0-beta.2/azure-aot-graalvm-support-1.0.0-beta.2.jar!/META-INF/native-image/com.azure/native-image.properties' \
'-H:ClassInitialization@jar:file:///C:/Users/v-shilichen/.m2/repository/com/azure/azure-aot-graalvm-support/1.0.0-beta.2/azure-aot-graalvm-support-1.0.0-beta.2.jar!/META-INF/native-image/com.azure/azure-core/native-image.properties=org.apache.log4j.Logger:build_time,org.slf4j.LoggerFactory:build_time,org.slf4j.impl.StaticLoggerBinder:build_time,com.azure.core.implementation.logging.DefaultLogger:build_time,com.azure.core.test.TestBase:build_time,com.azure.core.util.Configuration:build_time,com.azure.core.util.CoreUtils:build_time,com.azure.core.util.NoopConfiguration:build_time,com.azure.core.util.logging.LoggingEventBuilder:build_time,com.fasterxml.jackson.core.io.JsonStringEncoder:build_time,com.fasterxml.jackson.core.io.CharTypes:build_time' \
'-H:JNIConfigurationResources@jar:file:///C:/Users/v-shilichen/.m2/repository/com/azure/azure-aot-graalvm-support/1.0.0-beta.2/azure-aot-graalvm-support-1.0.0-beta.2.jar!/META-INF/native-image/net.java.dev.jna/jna/jni-config.json=META-INF/native-image/net.java.dev.jna/jna/jni-config.json' \
'-H:ReflectionConfigurationResources@jar:file:///C:/Users/v-shilichen/.m2/repository/com/azure/azure-aot-graalvm-support/1.0.0-beta.2/azure-aot-graalvm-support-1.0.0-beta.2.jar!/META-INF/native-image/com.microsoft.azure/msal4j-persistence-extension/reflect-config.json=META-INF/native-image/com.microsoft.azure/msal4j-persistence-extension/reflect-config.json' \
'-H:ReflectionConfigurationResources@jar:file:///C:/Users/v-shilichen/.m2/repository/com/azure/azure-aot-graalvm-support/1.0.0-beta.2/azure-aot-graalvm-support-1.0.0-beta.2.jar!/META-INF/native-image/net.java.dev.jna/jna/reflect-config.json=META-INF/native-image/net.java.dev.jna/jna/reflect-config.json' \
'-H:ReflectionConfigurationResources@jar:file:///C:/Users/v-shilichen/.m2/repository/com/azure/azure-aot-graalvm-support/1.0.0-beta.2/azure-aot-graalvm-support-1.0.0-beta.2.jar!/META-INF/native-image/com.azure/azure-core/reflect-config.json=META-INF/native-image/com.azure/azure-core/reflect-config.json' \
'-H:ReflectionConfigurationResources@jar:file:///C:/Users/v-shilichen/.m2/repository/com/azure/azure-aot-graalvm-support/1.0.0-beta.2/azure-aot-graalvm-support-1.0.0-beta.2.jar!/META-INF/native-image/com.azure/azure-data-appconfiguration/reflect-config.json=META-INF/native-image/com.azure/azure-data-appconfiguration/reflect-config.json' \
'-H:ReflectionConfigurationResources@jar:file:///C:/Users/v-shilichen/.m2/repository/com/azure/azure-aot-graalvm-support/1.0.0-beta.2/azure-aot-graalvm-support-1.0.0-beta.2.jar!/META-INF/native-image/com.azure/azure-core-amqp/reflect-config.json=META-INF/native-image/com.azure/azure-core-amqp/reflect-config.json' \
'-H:ResourceConfigurationResources@jar:file:///C:/Users/v-shilichen/.m2/repository/com/azure/azure-aot-graalvm-support/1.0.0-beta.2/azure-aot-graalvm-support-1.0.0-beta.2.jar!/META-INF/native-image/net.java.dev.jna/jna/resource-config.json=META-INF/native-image/net.java.dev.jna/jna/resource-config.json' \
'-H:ResourceConfigurationResources@jar:file:///C:/Users/v-shilichen/.m2/repository/com/azure/azure-aot-graalvm-support/1.0.0-beta.2/azure-aot-graalvm-support-1.0.0-beta.2.jar!/META-INF/native-image/com.azure/azure-cosmos/resource-config.json=META-INF/native-image/com.azure/azure-cosmos/resource-config.json' \
'-H:ResourceConfigurationResources@jar:file:///C:/Users/v-shilichen/.m2/repository/com/azure/azure-aot-graalvm-support/1.0.0-beta.2/azure-aot-graalvm-support-1.0.0-beta.2.jar!/META-INF/native-image/com.azure/azure-security-keyvault-certificates/resource-config.json=META-INF/native-image/com.azure/azure-security-keyvault-certificates/resource-config.json' \
'-H:ResourceConfigurationResources@jar:file:///C:/Users/v-shilichen/.m2/repository/com/azure/azure-aot-graalvm-support/1.0.0-beta.2/azure-aot-graalvm-support-1.0.0-beta.2.jar!/META-INF/native-image/com.azure/azure-core/resource-config.json=META-INF/native-image/com.azure/azure-core/resource-config.json' \
'-H:ResourceConfigurationResources@jar:file:///C:/Users/v-shilichen/.m2/repository/com/azure/azure-aot-graalvm-support/1.0.0-beta.2/azure-aot-graalvm-support-1.0.0-beta.2.jar!/META-INF/native-image/com.azure/azure-storage-blob/resource-config.json=META-INF/native-image/com.azure/azure-storage-blob/resource-config.json' \
'-H:ResourceConfigurationResources@jar:file:///C:/Users/v-shilichen/.m2/repository/com/azure/azure-aot-graalvm-support/1.0.0-beta.2/azure-aot-graalvm-support-1.0.0-beta.2.jar!/META-INF/native-image/com.azure/azure-security-keyvault-keys/resource-config.json=META-INF/native-image/com.azure/azure-security-keyvault-keys/resource-config.json' \
'-H:ResourceConfigurationResources@jar:file:///C:/Users/v-shilichen/.m2/repository/com/azure/azure-aot-graalvm-support/1.0.0-beta.2/azure-aot-graalvm-support-1.0.0-beta.2.jar!/META-INF/native-image/com.azure/azure-data-appconfiguration/resource-config.json=META-INF/native-image/com.azure/azure-data-appconfiguration/resource-config.json' \
'-H:ResourceConfigurationResources@jar:file:///C:/Users/v-shilichen/.m2/repository/com/azure/azure-aot-graalvm-support/1.0.0-beta.2/azure-aot-graalvm-support-1.0.0-beta.2.jar!/META-INF/native-image/com.azure/azure-messaging-eventhubs/resource-config.json=META-INF/native-image/com.azure/azure-messaging-eventhubs/resource-config.json' \
'-H:DynamicProxyConfigurationResources@jar:file:///C:/Users/v-shilichen/.m2/repository/com/azure/azure-aot-graalvm-support/1.0.0-beta.2/azure-aot-graalvm-support-1.0.0-beta.2.jar!/META-INF/native-image/net.java.dev.jna/jna/proxy-config.json=META-INF/native-image/net.java.dev.jna/jna/proxy-config.json' \
'-H:ClassInitialization@jar:file:///C:/Users/v-shilichen/.m2/repository/org/graalvm/sdk/graal-sdk/22.0.0.2/graal-sdk-22.0.0.2.jar!/META-INF/native-image/org.graalvm.polyglot/native-image.properties=org.graalvm.polyglot:build_time' \
'-H:Features@jar:file:///C:/Users/v-shilichen/.m2/repository/org/graalvm/sdk/graal-sdk/22.0.0.2/graal-sdk-22.0.0.2.jar!/META-INF/native-image/org.graalvm.home/native-image.properties=org.graalvm.home.HomeFinderFeature' \
'-H:EnableURLProtocols@jar:file:///C:/Users/v-shilichen/.m2/repository/com/azure/azure-aot-graalvm-support-netty/1.0.0-beta.2/azure-aot-graalvm-support-netty-1.0.0-beta.2.jar!/META-INF/native-image/com.azure/azure-core-http-netty/native-image.properties=http,https' \
'-H:ClassInitialization@jar:file:///C:/Users/v-shilichen/.m2/repository/com/azure/azure-aot-graalvm-support-netty/1.0.0-beta.2/azure-aot-graalvm-support-netty-1.0.0-beta.2.jar!/META-INF/native-image/com.azure/azure-core-http-netty/native-image.properties=io.netty.buffer.AbstractReferenceCountedByteBuf:run_time,io.netty.buffer.PooledByteBufAllocator:run_time,io.netty.buffer.UnpooledDirectByteBuf:run_time,io.netty.buffer.UnpooledHeapByteBuf:run_time,io.netty.buffer.UnpooledUnsafeDirectByteBuf:run_time,io.netty.channel.epoll.Epoll:run_time,io.netty.channel.epoll.EpollEventArray:run_time,io.netty.channel.epoll.EpollEventLoop:run_time,io.netty.channel.epoll.LinuxSocket:run_time,io.netty.channel.epoll.Native:run_time,io.netty.channel.kqueue.KQueue:run_time,io.netty.channel.kqueue.KQueueEventArray:run_time,io.netty.channel.kqueue.KQueueEventLoop:run_time,io.netty.channel.kqueue.Native:run_time,io.netty.channel.unix.Errors:run_time,io.netty.channel.unix.IovArray:run_time,io.netty.channel.unix.Limits:run_time,io.netty.channel.unix.Socket:run_time,io.netty.handler.codec.compression.BrotliDecoder:run_time,io.netty.handler.codec.compression.BrotliDecoder$1:run_time,io.netty.handler.codec.http.HttpObjectEncoder:run_time,io.netty.handler.codec.http.websocketx.WebSocket00FrameEncoder:run_time,io.netty.handler.ssl.BouncyCastleAlpnSslUtils:run_time,io.netty.handler.ssl.ConscryptAlpnSslEngine:run_time,io.netty.handler.ssl.JdkNpnApplicationProtocolNegotiator:run_time,io.netty.handler.ssl.JettyAlpnSslEngine$ClientEngine:run_time,io.netty.handler.ssl.JettyAlpnSslEngine$ServerEngine:run_time,io.netty.handler.ssl.JettyNpnSslEngine:run_time,io.netty.handler.ssl.OpenSsl:run_time,io.netty.handler.ssl.OpenSslPrivateKeyMethod:run_time,io.netty.handler.ssl.ReferenceCountedOpenSslEngine:run_time,io.netty.handler.ssl.ReferenceCountedOpenSslServerContext:run_time,io.netty.handler.ssl.ReferenceCountedOpenSslClientContext:run_time,io.netty.handler.ssl.util.BouncyCastleSelfSignedCertGenerator:run_time,io.netty.handler.ssl.util.BouncyCastleSelfSignedCertGenerator:run_time,io.netty.handler.ssl.util.ThreadLocalInsecureRandom:run_time,io.netty.internal.tcnative.AsyncSSLPrivateKeyMethod:run_time,io.netty.internal.tcnative.CertificateVerifier:run_time,io.netty.internal.tcnative.SSL:run_time,io.netty.internal.tcnative.SSLPrivateKeyMethod:run_time,io.netty.util.AbstractReferenceCounted:run_time,io.netty.util.internal.logging.Log4JLogger:run_time' \
'-H:JNIConfigurationResources@jar:file:///C:/Users/v-shilichen/.m2/repository/com/azure/azure-aot-graalvm-support-netty/1.0.0-beta.2/azure-aot-graalvm-support-netty-1.0.0-beta.2.jar!/META-INF/native-image/com.azure/azure-core-http-netty/jni-config.json=META-INF/native-image/com.azure/azure-core-http-netty/jni-config.json' \
'-H:ReflectionConfigurationResources@jar:file:///C:/Users/v-shilichen/.m2/repository/com/azure/azure-aot-graalvm-support-netty/1.0.0-beta.2/azure-aot-graalvm-support-netty-1.0.0-beta.2.jar!/META-INF/native-image/com.azure/azure-core-http-netty/reflect-config.json=META-INF/native-image/com.azure/azure-core-http-netty/reflect-config.json' \
'-H:ClassInitialization@jar:file:///C:/Users/v-shilichen/.m2/repository/io/netty/netty-handler/4.1.75.Final/netty-handler-4.1.75.Final.jar!/META-INF/native-image/io.netty/handler/native-image.properties=io.netty.handler.ssl.util.ThreadLocalInsecureRandom:run_time' \
'-H:ClassInitialization@jar:file:///C:/Users/v-shilichen/.m2/repository/io/netty/netty-common/4.1.75.Final/netty-common-4.1.75.Final.jar!/META-INF/native-image/io.netty/common/native-image.properties=io.netty.util.AbstractReferenceCounted:run_time,io.netty.util.concurrent.GlobalEventExecutor:run_time,io.netty.util.concurrent.ImmediateEventExecutor:run_time,io.netty.util.concurrent.ScheduledFutureTask:run_time,io.netty.util.internal.ThreadLocalRandom:run_time' \
'-H:ClassInitialization@jar:file:///C:/Users/v-shilichen/.m2/repository/io/netty/netty-common/4.1.75.Final/netty-common-4.1.75.Final.jar!/META-INF/native-image/io.netty/common/native-image.properties=io.netty.util.NetUtilSubstitutions$NetUtilLocalhost4LazyHolder:run_time' \
'-H:ClassInitialization@jar:file:///C:/Users/v-shilichen/.m2/repository/io/netty/netty-common/4.1.75.Final/netty-common-4.1.75.Final.jar!/META-INF/native-image/io.netty/common/native-image.properties=io.netty.util.NetUtilSubstitutions$NetUtilLocalhost6LazyHolder:run_time' \
'-H:ClassInitialization@jar:file:///C:/Users/v-shilichen/.m2/repository/io/netty/netty-common/4.1.75.Final/netty-common-4.1.75.Final.jar!/META-INF/native-image/io.netty/common/native-image.properties=io.netty.util.NetUtilSubstitutions$NetUtilLocalhostLazyHolder:run_time' \
'-H:ReflectionConfigurationResources@jar:file:///C:/Users/v-shilichen/.m2/repository/io/netty/netty-transport/4.1.75.Final/netty-transport-4.1.75.Final.jar!/META-INF/native-image/io.netty/transport/native-image.properties=META-INF/native-image/io.netty/transport/reflection-config.json' \
'-H:ClassInitialization@jar:file:///C:/Users/v-shilichen/.m2/repository/io/netty/netty-buffer/4.1.75.Final/netty-buffer-4.1.75.Final.jar!/META-INF/native-image/io.netty/buffer/native-image.properties=io.netty.buffer.PooledByteBufAllocator:run_time,io.netty.buffer.ByteBufAllocator:run_time,io.netty.buffer.ByteBufUtil:run_time,io.netty.buffer.AbstractReferenceCountedByteBuf:run_time' \
'-H:ClassInitialization@jar:file:///C:/Users/v-shilichen/.m2/repository/io/netty/netty-codec-http/4.1.75.Final/netty-codec-http-4.1.75.Final.jar!/META-INF/native-image/io.netty/codec-http/native-image.properties=io.netty:build_time' \
'-H:ClassInitialization@jar:file:///C:/Users/v-shilichen/.m2/repository/io/netty/netty-codec-http/4.1.75.Final/netty-codec-http-4.1.75.Final.jar!/META-INF/native-image/io.netty/codec-http/native-image.properties=io.netty.handler.codec.http.HttpObjectEncoder:run_time,io.netty.handler.codec.http.websocketx.WebSocket00FrameEncoder:run_time,io.netty.handler.codec.http.websocketx.extensions.compression.DeflateDecoder:run_time,io.netty.handler.codec.compression.BrotliDecoder:run_time' \
'-H:ClassInitialization@jar:file:///C:/Users/v-shilichen/.m2/repository/io/netty/netty-codec-http2/4.1.75.Final/netty-codec-http2-4.1.75.Final.jar!/META-INF/native-image/io.netty/codec-http2/native-image.properties=io.netty:build_time' \
'-H:ClassInitialization@jar:file:///C:/Users/v-shilichen/.m2/repository/io/netty/netty-codec-http2/4.1.75.Final/netty-codec-http2-4.1.75.Final.jar!/META-INF/native-image/io.netty/codec-http2/native-image.properties=io.netty.handler.codec.http2.Http2CodecUtil:run_time,io.netty.handler.codec.http2.Http2ClientUpgradeCodec:run_time,io.netty.handler.codec.http2.Http2ConnectionHandler:run_time,io.netty.handler.codec.http2.DefaultHttp2FrameWriter:run_time' \
'-H:+AllowIncompleteClasspath@jar:file:///D:/issues/issue-azure-storage-native/target/issue-azure-storage-native-0.0.1-SNAPSHOT.jar!/META-INF/native-image/org.springframework.aot/spring-aot/native-image.properties' \
'-H:+ReportUnsupportedElementsAtRuntime@jar:file:///D:/issues/issue-azure-storage-native/target/issue-azure-storage-native-0.0.1-SNAPSHOT.jar!/META-INF/native-image/org.springframework.aot/spring-aot/native-image.properties' \
'-H:FallbackThreshold@jar:file:///D:/issues/issue-azure-storage-native/target/issue-azure-storage-native-0.0.1-SNAPSHOT.jar!/META-INF/native-image/org.springframework.aot/spring-aot/native-image.properties=0' \
'-H:+InstallExitHandlers@jar:file:///D:/issues/issue-azure-storage-native/target/issue-azure-storage-native-0.0.1-SNAPSHOT.jar!/META-INF/native-image/org.springframework.aot/spring-aot/native-image.properties' \
'-H:ClassInitialization@jar:file:///D:/issues/issue-azure-storage-native/target/issue-azure-storage-native-0.0.1-SNAPSHOT.jar!/META-INF/native-image/org.springframework.aot/spring-aot/native-image.properties=org.aopalliance.aop.Advice:build_time,org.apache.catalina.Globals:build_time,org.apache.catalina.servlets.DefaultServlet:build_time,org.apache.commons.logging.LogAdapter:build_time,org.apache.commons.logging.LogAdapter$1:build_time,org.apache.commons.logging.LogAdapter$Log4jLog:build_time,org.apache.commons.logging.LogAdapter$Slf4jLocationAwareLog:build_time,org.apache.commons.logging.LogFactory:build_time,org.slf4j.Logger:build_time,org.slf4j.LoggerFactory:build_time,org.slf4j.MDC:build_time,org.slf4j.event.EventRecodingLogger:build_time,org.slf4j.event.SubstituteLoggingEvent:build_time,org.slf4j.helpers.FormattingTuple:build_time,org.slf4j.helpers.MessageFormatter:build_time,org.slf4j.helpers.NOPLogger:build_time,org.slf4j.helpers.NOPLoggerFactory:build_time,org.slf4j.helpers.SubstituteLogger:build_time,org.slf4j.helpers.SubstituteLoggerFactory:build_time,org.slf4j.helpers.Util:build_time,org.slf4j.impl.StaticLoggerBinder:build_time,org.slf4j.spi.LocationAwareLogger:build_time,org.springframework.aop.Advisor:build_time,org.springframework.aop.Advisor$1:build_time,org.springframework.aop.TargetSource:build_time,org.springframework.aop.framework.Advised:build_time,org.springframework.aot.StaticSpringFactories:build_time,org.springframework.beans.CachedIntrospectionResults:build_time,org.springframework.beans.PropertyEditorRegistrySupport:build_time,org.springframework.beans.factory.xml.XmlBeanDefinitionReader:build_time,org.springframework.boot.BeanDefinitionLoader:build_time,org.springframework.boot.logging.LoggingSystem:build_time,org.springframework.boot.logging.java.JavaLoggingSystem$Factory:build_time,org.springframework.boot.logging.log4j2.Log4J2LoggingSystem$Factory:build_time,org.springframework.boot.logging.logback.LogbackLoggingSystem:build_time,org.springframework.boot.logging.logback.LogbackLoggingSystem$Factory:build_time,org.springframework.context.annotation.CommonAnnotationBeanPostProcessor:build_time,org.springframework.context.event.EventListenerMethodProcessor:build_time,org.springframework.context.support.AbstractApplicationContext:build_time,org.springframework.core.DecoratingProxy:build_time,org.springframework.core.DefaultParameterNameDiscoverer:build_time,org.springframework.core.KotlinDetector:build_time,org.springframework.core.NativeDetector:build_time,org.springframework.core.ReactiveAdapterRegistry:build_time,org.springframework.core.ResolvableType:build_time,org.springframework.core.SpringProperties:build_time,org.springframework.core.annotation.AnnotationFilter:build_time,org.springframework.core.annotation.AnnotationFilter$1:build_time,org.springframework.core.annotation.AnnotationFilter$2:build_time,org.springframework.core.annotation.AnnotationUtils:build_time,org.springframework.core.annotation.PackagesAnnotationFilter:build_time,org.springframework.core.annotation.TypeMappedAnnotations:build_time,org.springframework.core.io.support.PropertiesLoaderUtils:build_time,org.springframework.core.io.support.ResourcePropertiesPersister:build_time,org.springframework.core.io.support.SpringFactoriesLoader:build_time,org.springframework.format.annotation.DateTimeFormat$ISO:build_time,org.springframework.http.HttpStatus:build_time,org.springframework.http.MediaType:build_time,org.springframework.http.codec.CodecConfigurerFactory:build_time,org.springframework.http.codec.support.BaseDefaultCodecs:build_time,org.springframework.http.converter.json.AbstractJackson2HttpMessageConverter:build_time,org.springframework.http.converter.support.AllEncompassingFormHttpMessageConverter:build_time,org.springframework.integration.support.json.Jackson2JsonObjectMapper:build_time,org.springframework.jdbc.datasource.ConnectionProxy:build_time,org.springframework.jdbc.support.JdbcAccessor:build_time,org.springframework.jdbc.support.JdbcTransactionManager:build_time,org.springframework.messaging.simp.config.AbstractMessageBrokerConfiguration:build_time,org.springframework.nativex.AotModeDetector:build_time,org.springframework.nativex.substitutions.boot.NativeSpringBootVersion:build_time,org.springframework.transaction.annotation.Isolation:build_time,org.springframework.transaction.annotation.Propagation:build_time,org.springframework.util.Assert:build_time,org.springframework.util.ClassUtils:build_time,org.springframework.util.CollectionUtils:build_time,org.springframework.util.ConcurrentReferenceHashMap:build_time,org.springframework.util.DefaultPropertiesPersister:build_time,org.springframework.util.LinkedCaseInsensitiveMap:build_time,org.springframework.util.MimeType:build_time,org.springframework.util.ReflectionUtils:build_time,org.springframework.util.StringUtils:build_time,org.springframework.util.unit.DataSize:build_time,org.springframework.util.unit.DataUnit:build_time,org.springframework.web.client.RestTemplate:build_time,org.springframework.web.reactive.function.client.DefaultWebClientBuilder:build_time,org.springframework.web.servlet.config.annotation.WebMvcConfigurationSupport:build_time,org.springframework.web.servlet.function.support.RouterFunctionMapping:build_time,org.springframework.web.servlet.mvc.method.annotation.ExceptionHandlerExceptionResolver:build_time,org.springframework.web.servlet.mvc.method.annotation.RequestMappingHandlerAdapter:build_time,ch.qos.logback.classic:build_time,ch.qos.logback.classic.util:build_time,ch.qos.logback.core:build_time,org.apache.logging.log4j:build_time,org.apache.logging.slf4j:build_time,org.jboss.logging:build_time,org.springframework.core.env:build_time' \
'-H:ClassInitialization@jar:file:///D:/issues/issue-azure-storage-native/target/issue-azure-storage-native-0.0.1-SNAPSHOT.jar!/META-INF/native-image/org.springframework.aot/spring-aot/native-image.properties=io.netty.channel.DefaultChannelId:run_time,io.netty.channel.unix.Errors:run_time,io.netty.channel.unix.IovArray:run_time,io.netty.channel.unix.Limits:run_time,io.netty.channel.unix.Socket:run_time,io.netty.handler.codec.compression.BrotliDecoder:run_time,io.netty.handler.codec.http.websocketx.extensions.compression.DeflateDecoder:run_time,io.netty.handler.codec.http2.CleartextHttp2ServerUpgradeHandler:run_time,io.netty.handler.codec.http2.Http2ConnectionHandler:run_time,io.netty.handler.codec.http2.Http2ServerUpgradeCodec:run_time,io.netty.handler.ssl.OpenSslAsyncPrivateKeyMethod:run_time,io.netty.handler.ssl.OpenSslPrivateKeyMethod:run_time,io.netty.handler.ssl.ReferenceCountedOpenSslEngine:run_time,io.netty.resolver.HostsFileEntriesResolver:run_time,io.netty.channel.epoll:run_time,io.netty.internal.tcnative:run_time' \
'-H:EnableURLProtocols@jar:file:///D:/issues/issue-azure-storage-native/target/issue-azure-storage-native-0.0.1-SNAPSHOT.jar!/META-INF/native-image/org.springframework.aot/spring-aot/native-image.properties=http' \
'-H:EnableURLProtocols@jar:file:///D:/issues/issue-azure-storage-native/target/issue-azure-storage-native-0.0.1-SNAPSHOT.jar!/META-INF/native-image/org.springframework.aot/spring-aot/native-image.properties=https' \
'-H:Class@jar:file:///D:/issues/issue-azure-storage-native/target/issue-azure-storage-native-0.0.1-SNAPSHOT.jar!/META-INF/native-image/org.springframework.aot/spring-aot/native-image.properties=com.example.issue.azurestoragenative.IssueAzureStorageNativeApplication' \
'-H:ReflectionConfigurationResources@jar:file:///D:/issues/issue-azure-storage-native/target/issue-azure-storage-native-0.0.1-SNAPSHOT.jar!/META-INF/native-image/org.springframework.aot/spring-aot/reflect-config.json=META-INF/native-image/org.springframework.aot/spring-aot/reflect-config.json' \
'-H:ResourceConfigurationResources@jar:file:///D:/issues/issue-azure-storage-native/target/issue-azure-storage-native-0.0.1-SNAPSHOT.jar!/META-INF/native-image/org.springframework.aot/spring-aot/resource-config.json=META-INF/native-image/org.springframework.aot/spring-aot/resource-config.json' \
'-H:DynamicProxyConfigurationResources@jar:file:///D:/issues/issue-azure-storage-native/target/issue-azure-storage-native-0.0.1-SNAPSHOT.jar!/META-INF/native-image/org.springframework.aot/spring-aot/proxy-config.json=META-INF/native-image/org.springframework.aot/spring-aot/proxy-config.json' \
'-H:+ReportExceptionStackTraces@C:\Users\V-SHIL~1\AppData\Local\Temp\native-image6059104554931944822args' \
'-H:+DumpTargetInfo@C:\Users\V-SHIL~1\AppData\Local\Temp\native-image6059104554931944822args' \
'-H:Name@C:\Users\V-SHIL~1\AppData\Local\Temp\native-image6059104554931944822args=issue-azure-storage-native' \
'-H:CLibraryPath=D:\noinstall\graalvm-ce-java11-22.0.0.2\lib\svm\clibraries\windows-amd64'
]
========================================================================================================================
GraalVM Native Image: Generating 'issue-azure-storage-native'...
========================================================================================================================
[1/7] Initializing...
                                                                                   (10.2s @ 0.35GB)
------------------------------------------------------------------------------------------------------------------------
                        0.5s (4.2% of total time) in 13 GCs | Peak RSS: 0.93GB | CPU load: 2.53
------------------------------------------------------------------------------------------------------------------------
Produced artifacts:
 D:\issues\issue-azure-storage-native\target\issue-azure-storage-native.build_artifacts.txt
========================================================================================================================
Failed generating 'issue-azure-storage-native' after 11.9s.
[INFO] ------------------------------------------------------------------------
[INFO] BUILD FAILURE
[INFO] ------------------------------------------------------------------------
[INFO] Total time:  29.646 s
[INFO] Finished at: 2022-08-05T16:54:39+08:00
[INFO] ------------------------------------------------------------------------
[ERROR] Failed to execute goal org.graalvm.buildtools:native-maven-plugin:0.9.11:build (build-native) on project issue-azure-storage-native: Execution of D:\noinstall\graalvm-ce-java11-22.0.0.2\bin\native-image.cmd @C:\Users\V-SHIL~1\AppData\Local\Temp\native-image6059104554931944822args returned non-zero result -> [Help 1]
[ERROR] 
[ERROR] To see the full stack trace of the errors, re-run Maven with the -e switch.
[ERROR] Re-run Maven using the -X switch to enable full debug logging.
[ERROR] 
[ERROR] For more information about the errors and possible solutions, please read the following articles:
[ERROR] [Help 1] http://cwiki.apache.org/confluence/display/MAVEN/MojoExecutionException


Fatal error: java.lang.SecurityException: class "com.azure.spring.cloud.autoconfigure.compatibility.AzureCompatibilityVerifierAutoConfiguration"'s signer information does not match signer information of other classes in the same package
        at java.base/java.lang.ClassLoader.checkCerts(ClassLoader.java:1151)
        at java.base/java.lang.ClassLoader.preDefineClass(ClassLoader.java:906)
        at java.base/java.lang.ClassLoader.defineClass(ClassLoader.java:1015)
        at java.base/java.security.SecureClassLoader.defineClass(SecureClassLoader.java:174)
        at java.base/java.net.URLClassLoader.defineClass(URLClassLoader.java:555)
        at java.base/java.net.URLClassLoader$1.run(URLClassLoader.java:458)
        at java.base/java.net.URLClassLoader$1.run(URLClassLoader.java:452)
        at java.base/java.security.AccessController.doPrivileged(Native Method)
        at java.base/java.net.URLClassLoader.findClass(URLClassLoader.java:451)
        at java.base/java.lang.ClassLoader.loadClass(ClassLoader.java:589)
        at java.base/java.lang.ClassLoader.loadClass(ClassLoader.java:522)
        at java.base/java.lang.Class.forName0(Native Method)
        at java.base/java.lang.Class.forName(Class.java:398)
        at com.oracle.svm.hosted.ImageClassLoader.forName(ImageClassLoader.java:285)
        at com.oracle.svm.hosted.ImageClassLoader.findClass(ImageClassLoader.java:278)
        at com.oracle.svm.hosted.config.ReflectionRegistryAdapter.resolveType(ReflectionRegistryAdapter.java:68)
        at com.oracle.svm.core.configure.ReflectionConfigurationParser.parseClass(ReflectionConfigurationParser.java:94)
        at com.oracle.svm.core.configure.ReflectionConfigurationParser.parseClassArray(ReflectionConfigurationParser.java:77)
        at com.oracle.svm.core.configure.ReflectionConfigurationParser.parseAndRegister(ReflectionConfigurationParser.java:72)
        at com.oracle.svm.hosted.config.ConfigurationParserUtils.doParseAndRegister(ConfigurationParserUtils.java:127)
        at com.oracle.svm.hosted.config.ConfigurationParserUtils.lambda$parseAndRegisterConfigurations$3(ConfigurationParserUtils.java:113)
        at java.base/java.util.stream.ReferencePipeline$4$1.accept(ReferencePipeline.java:212)
        at com.oracle.svm.hosted.config.ConfigurationParserUtils$1.tryAdvance(ConfigurationParserUtils.java:106)
        at java.base/java.util.Spliterator.forEachRemaining(Spliterator.java:326)
        at java.base/java.util.stream.ReferencePipeline$Head.forEach(ReferencePipeline.java:658)
        at java.base/java.util.stream.ReferencePipeline$7$1.accept(ReferencePipeline.java:274)
        at java.base/java.util.ArrayList$ArrayListSpliterator.forEachRemaining(ArrayList.java:1655)
        at java.base/java.util.stream.AbstractPipeline.copyInto(AbstractPipeline.java:484)
        at java.base/java.util.stream.AbstractPipeline.wrapAndCopyInto(AbstractPipeline.java:474)
        at java.base/java.util.stream.StreamSpliterators$WrappingSpliterator.forEachRemaining(StreamSpliterators.java:312)
        at java.base/java.util.stream.Streams$ConcatSpliterator.forEachRemaining(Streams.java:734)
        at java.base/java.util.stream.AbstractPipeline.copyInto(AbstractPipeline.java:484)
        at java.base/java.util.stream.AbstractPipeline.wrapAndCopyInto(AbstractPipeline.java:474)
        at java.base/java.util.stream.ReduceOps$ReduceOp.evaluateSequential(ReduceOps.java:913)
        at java.base/java.util.stream.AbstractPipeline.evaluate(AbstractPipeline.java:234)
        at java.base/java.util.stream.IntPipeline.reduce(IntPipeline.java:491)
        at java.base/java.util.stream.IntPipeline.sum(IntPipeline.java:449)
        at com.oracle.svm.hosted.config.ConfigurationParserUtils.parseAndRegisterConfigurations(ConfigurationParserUtils.java:115)
        at com.oracle.svm.reflect.hosted.ReflectionFeature.duringSetup(ReflectionFeature.java:185)
        at com.oracle.svm.hosted.NativeImageGenerator.lambda$setupNativeImage$16(NativeImageGenerator.java:847)
        at com.oracle.svm.hosted.FeatureHandler.forEachFeature(FeatureHandler.java:74)
        at com.oracle.svm.hosted.NativeImageGenerator.setupNativeImage(NativeImageGenerator.java:847)
        at com.oracle.svm.hosted.NativeImageGenerator.doRun(NativeImageGenerator.java:534)
        at com.oracle.svm.hosted.NativeImageGenerator.run(NativeImageGenerator.java:494)
        at com.oracle.svm.hosted.NativeImageGeneratorRunner.buildImage(NativeImageGeneratorRunner.java:426)
        at com.oracle.svm.hosted.NativeImageGeneratorRunner.build(NativeImageGeneratorRunner.java:587)
        at com.oracle.svm.hosted.NativeImageGeneratorRunner.main(NativeImageGeneratorRunner.java:126)
        at com.oracle.svm.hosted.NativeImageGeneratorRunner$JDK9Plus.main(NativeImageGeneratorRunner.java:617)